-- Found ament_cmake: 0.9.11 (/opt/ros/foxy/share/ament_cmake/cmake)
-- Found PythonInterp: /home/nir/anaconda3/bin/python3 (found suitable version "3.9.13", minimum required is "3") 
-- Using PYTHON_EXECUTABLE: /home/nir/anaconda3/bin/python3
-- Found rosidl_default_generators: 1.0.1 (/opt/ros/foxy/share/rosidl_default_generators/cmake)
-- Using all available rosidl_typesupport_c: rosidl_typesupport_fastrtps_c;rosidl_typesupport_introspection_c
-- Found rosidl_adapter: 1.3.0 (/opt/ros/foxy/share/rosidl_adapter/cmake)
-- Using all available rosidl_typesupport_cpp: rosidl_typesupport_fastrtps_cpp;rosidl_typesupport_introspection_cpp
-- Found PythonInterp: /home/nir/anaconda3/bin/python3 (found version "3.9.13") 
-- Found ament_cmake_ros: 0.9.2 (/opt/ros/foxy/share/ament_cmake_ros/cmake)
-- Using all available rosidl_typesupport_c: rosidl_typesupport_fastrtps_c;rosidl_typesupport_introspection_c
-- Using all available rosidl_typesupport_cpp: rosidl_typesupport_fastrtps_cpp;rosidl_typesupport_introspection_cpp
-- Found PythonInterp: /home/nir/anaconda3/bin/python3 (found suitable version "3.9.13", minimum required is "3.5") 
-- Found python_cmake_module: 0.8.1 (/opt/ros/foxy/share/python_cmake_module/cmake)
-- Using PYTHON_EXECUTABLE: /home/nir/anaconda3/bin/python3
-- Using PYTHON_INCLUDE_DIRS: /home/nir/anaconda3/include/python3.9
-- Using PYTHON_LIBRARIES: /home/nir/anaconda3/lib/libpython3.9.so
-- Using numpy include directory: /home/nir/anaconda3/lib/python3.9/site-packages/numpy/core/include
-- Found ament_lint_auto: 0.9.7 (/opt/ros/foxy/share/ament_lint_auto/cmake)
-- Added test 'copyright' to check source files copyright and LICENSE
-- Added test 'cppcheck' to perform static code analysis on C / C++ code
-- Configured cppcheck include dirs: $<BUILD_INTERFACE:/home/nir/Desktop/rs485/build/rs485/rosidl_generator_c>;/home/nir/Desktop/rs485/build/rs485/rosidl_generator_c;/home/nir/Desktop/rs485/build/rs485/rosidl_generator_cpp;/home/nir/Desktop/rs485/build/rs485/rosidl_typesupport_fastrtps_c;/home/nir/Desktop/rs485/build/rs485/rosidl_typesupport_fastrtps_cpp;$<BUILD_INTERFACE:/home/nir/Desktop/rs485/build/rs485/rosidl_typesupport_introspection_c>;$<BUILD_INTERFACE:/home/nir/Desktop/rs485/build/rs485/rosidl_typesupport_c>;$<BUILD_INTERFACE:/home/nir/Desktop/rs485/build/rs485/rosidl_generator_cpp>;/home/nir/Desktop/rs485/build/rs485/rosidl_generator_py
-- Configured cppcheck exclude dirs and/or files: 
-- Added test 'cpplint' to check C / C++ code against the Google style
-- Configured cpplint exclude dirs and/or files: 
-- Added test 'flake8' to check Python code syntax and style conventions
-- Added test 'lint_cmake' to check CMake code style
-- Added test 'pep257' to check Python code against some of the style conventions in PEP 257
-- Added test 'uncrustify' to check C / C++ code style
-- Configured uncrustify additional arguments: 
-- Added test 'xmllint' to check XML markup files
-- Configuring done
CMake Warning at /opt/ros/foxy/share/rosidl_generator_py/cmake/rosidl_generator_py_generate_interfaces.cmake:235 (add_library):
  Cannot generate a safe runtime search path for target
  rs485__rosidl_typesupport_fastrtps_c__pyext because files in some
  directories may conflict with libraries in implicit directories:

    runtime library [libssl.so.1.1] in /usr/lib/x86_64-linux-gnu may be hidden by files in:
      /home/nir/anaconda3/lib
    runtime library [libcrypto.so.1.1] in /usr/lib/x86_64-linux-gnu may be hidden by files in:
      /home/nir/anaconda3/lib

  Some of these libraries may not be found correctly.
Call Stack (most recent call first):
  /opt/ros/foxy/share/ament_cmake_core/cmake/core/ament_execute_extensions.cmake:48 (include)
  /opt/ros/foxy/share/rosidl_cmake/cmake/rosidl_generate_interfaces.cmake:286 (ament_execute_extensions)
  CMakeLists.txt:25 (rosidl_generate_interfaces)


-- Generating done
-- Build files have been written to: /home/nir/Desktop/rs485/build/rs485
[  2%] [34m[1mGenerating C code for ROS interfaces[0m
[  5%] [34m[1mGenerating C++ code for ROS interfaces[0m
[  5%] Built target rs485__cpp
[35m[1mScanning dependencies of target rs485__rosidl_generator_c[0m
[ 12%] [34m[1mGenerating C++ introspection for ROS interfaces[0m
[ 12%] [34m[1mGenerating C++ type support dispatch for ROS interfaces[0m
[ 12%] [34m[1mGenerating C++ type support for eProsima Fast-RTPS[0m
[ 15%] [32mBuilding C object CMakeFiles/rs485__rosidl_generator_c.dir/rosidl_generator_c/rs485/msg/detail/gripper_status__functions.c.o[0m
[ 17%] [32mBuilding C object CMakeFiles/rs485__rosidl_generator_c.dir/rosidl_generator_c/rs485/msg/detail/battery_status__functions.c.o[0m
[ 20%] [32m[1mLinking C shared library librs485__rosidl_generator_c.so[0m
[ 20%] Built target rs485__rosidl_generator_c
[ 25%] [34m[1mGenerating C type support dispatch for ROS interfaces[0m
[ 25%] [34m[1mGenerating C introspection for ROS interfaces[0m
[35m[1mScanning dependencies of target rs485__rosidl_typesupport_cpp[0m
[ 28%] [32mBuilding CXX object CMakeFiles/rs485__rosidl_typesupport_cpp.dir/rosidl_typesupport_cpp/rs485/msg/battery_status__type_support.cpp.o[0m
[35m[1mScanning dependencies of target rs485__rosidl_typesupport_introspection_cpp[0m
[ 30%] [32mBuilding CXX object CMakeFiles/rs485__rosidl_typesupport_cpp.dir/rosidl_typesupport_cpp/rs485/msg/gripper_status__type_support.cpp.o[0m
[ 33%] [32mBuilding CXX object CMakeFiles/rs485__rosidl_typesupport_introspection_cpp.dir/rosidl_typesupport_introspection_cpp/rs485/msg/detail/gripper_status__type_support.cpp.o[0m
[ 35%] [32mBuilding CXX object CMakeFiles/rs485__rosidl_typesupport_introspection_cpp.dir/rosidl_typesupport_introspection_cpp/rs485/msg/detail/battery_status__type_support.cpp.o[0m
[35m[1mScanning dependencies of target rs485__rosidl_typesupport_fastrtps_cpp[0m
[ 41%] [32mBuilding CXX object CMakeFiles/rs485__rosidl_typesupport_fastrtps_cpp.dir/rosidl_typesupport_fastrtps_cpp/rs485/msg/detail/dds_fastrtps/gripper_status__type_support.cpp.o[0m
[ 41%] [32mBuilding CXX object CMakeFiles/rs485__rosidl_typesupport_fastrtps_cpp.dir/rosidl_typesupport_fastrtps_cpp/rs485/msg/detail/dds_fastrtps/battery_status__type_support.cpp.o[0m
[35m[1mScanning dependencies of target rs485__rosidl_typesupport_c[0m
[ 43%] [32mBuilding CXX object CMakeFiles/rs485__rosidl_typesupport_c.dir/rosidl_typesupport_c/rs485/msg/battery_status__type_support.cpp.o[0m
[ 46%] [32mBuilding CXX object CMakeFiles/rs485__rosidl_typesupport_c.dir/rosidl_typesupport_c/rs485/msg/gripper_status__type_support.cpp.o[0m
[35m[1mScanning dependencies of target rs485__rosidl_typesupport_introspection_c[0m
[ 48%] [32mBuilding C object CMakeFiles/rs485__rosidl_typesupport_introspection_c.dir/rosidl_typesupport_introspection_c/rs485/msg/detail/battery_status__type_support.c.o[0m
[ 51%] [32mBuilding C object CMakeFiles/rs485__rosidl_typesupport_introspection_c.dir/rosidl_typesupport_introspection_c/rs485/msg/detail/gripper_status__type_support.c.o[0m
[ 53%] [32m[1mLinking CXX shared library librs485__rosidl_typesupport_c.so[0m
[ 56%] [32m[1mLinking C shared library librs485__rosidl_typesupport_introspection_c.so[0m
[ 56%] Built target rs485__rosidl_typesupport_c
[ 58%] [32m[1mLinking CXX shared library librs485__rosidl_typesupport_cpp.so[0m
[ 58%] Built target rs485__rosidl_typesupport_introspection_c
[ 61%] [32m[1mLinking CXX shared library librs485__rosidl_typesupport_introspection_cpp.so[0m
[ 61%] Built target rs485__rosidl_typesupport_cpp
[ 61%] Built target rs485__rosidl_typesupport_introspection_cpp
[ 64%] [32m[1mLinking CXX shared library librs485__rosidl_typesupport_fastrtps_cpp.so[0m
[ 64%] Built target rs485__rosidl_typesupport_fastrtps_cpp
[ 66%] [34m[1mGenerating C type support for eProsima Fast-RTPS[0m
[35m[1mScanning dependencies of target rs485__rosidl_typesupport_fastrtps_c[0m
[ 71%] [32mBuilding CXX object CMakeFiles/rs485__rosidl_typesupport_fastrtps_c.dir/rosidl_typesupport_fastrtps_c/rs485/msg/detail/gripper_status__type_support_c.cpp.o[0m
[ 71%] [32mBuilding CXX object CMakeFiles/rs485__rosidl_typesupport_fastrtps_c.dir/rosidl_typesupport_fastrtps_c/rs485/msg/detail/battery_status__type_support_c.cpp.o[0m
[ 74%] [32m[1mLinking CXX shared library librs485__rosidl_typesupport_fastrtps_c.so[0m
[ 74%] Built target rs485__rosidl_typesupport_fastrtps_c
[35m[1mScanning dependencies of target rs485[0m
[ 74%] Built target rs485
[35m[1mScanning dependencies of target rs485__py[0m
[ 76%] [34m[1mGenerating Python code for ROS interfaces[0m
[ 76%] Built target rs485__py
[35m[1mScanning dependencies of target rs485__python[0m
[ 79%] [32mBuilding C object CMakeFiles/rs485__python.dir/rosidl_generator_py/rs485/msg/_gripper_status_s.c.o[0m
[ 82%] [32mBuilding C object CMakeFiles/rs485__python.dir/rosidl_generator_py/rs485/msg/_battery_status_s.c.o[0m
[ 84%] [32m[1mLinking C shared library rosidl_generator_py/rs485/librs485__python.so[0m
[ 84%] Built target rs485__python
[35m[1mScanning dependencies of target rs485__rosidl_typesupport_introspection_c__pyext[0m
[35m[1mScanning dependencies of target rs485__rosidl_typesupport_c__pyext[0m
[35m[1mScanning dependencies of target rs485__rosidl_typesupport_fastrtps_c__pyext[0m
[ 92%] [32mBuilding C object CMakeFiles/rs485__rosidl_typesupport_introspection_c__pyext.dir/rosidl_generator_py/rs485/_rs485_s.ep.rosidl_typesupport_introspection_c.c.o[0m
[ 92%] [32mBuilding C object CMakeFiles/rs485__rosidl_typesupport_fastrtps_c__pyext.dir/rosidl_generator_py/rs485/_rs485_s.ep.rosidl_typesupport_fastrtps_c.c.o[0m
[ 92%] [32mBuilding C object CMakeFiles/rs485__rosidl_typesupport_c__pyext.dir/rosidl_generator_py/rs485/_rs485_s.ep.rosidl_typesupport_c.c.o[0m
[100%] [32m[1mLinking C shared library rosidl_generator_py/rs485/rs485_s__rosidl_typesupport_c.cpython-39-x86_64-linux-gnu.so[0m
[100%] [32m[1mLinking CXX shared library rosidl_generator_py/rs485/rs485_s__rosidl_typesupport_fastrtps_c.cpython-39-x86_64-linux-gnu.so[0m
[100%] [32m[1mLinking C shared library rosidl_generator_py/rs485/rs485_s__rosidl_typesupport_introspection_c.cpython-39-x86_64-linux-gnu.so[0m
[100%] Built target rs485__rosidl_typesupport_c__pyext
[100%] Built target rs485__rosidl_typesupport_introspection_c__pyext
[100%] Built target rs485__rosidl_typesupport_fastrtps_c__pyext
-- Install configuration: ""
-- Installing: /home/nir/Desktop/rs485/install/rs485/share/ament_index/resource_index/rosidl_interfaces/rs485
-- Installing: /home/nir/Desktop/rs485/install/rs485/include/rs485
-- Installing: /home/nir/Desktop/rs485/install/rs485/include/rs485/msg
-- Installing: /home/nir/Desktop/rs485/install/rs485/include/rs485/msg/gripper_status.h
-- Installing: /home/nir/Desktop/rs485/install/rs485/include/rs485/msg/battery_status.h
-- Installing: /home/nir/Desktop/rs485/install/rs485/include/rs485/msg/detail
-- Installing: /home/nir/Desktop/rs485/install/rs485/include/rs485/msg/detail/gripper_status__functions.h
-- Installing: /home/nir/Desktop/rs485/install/rs485/include/rs485/msg/detail/gripper_status__type_support.h
-- Installing: /home/nir/Desktop/rs485/install/rs485/include/rs485/msg/detail/battery_status__type_support.h
-- Installing: /home/nir/Desktop/rs485/install/rs485/include/rs485/msg/detail/battery_status__functions.h
-- Installing: /home/nir/Desktop/rs485/install/rs485/include/rs485/msg/detail/battery_status__functions.c
-- Installing: /home/nir/Desktop/rs485/install/rs485/include/rs485/msg/detail/battery_status__struct.h
-- Installing: /home/nir/Desktop/rs485/install/rs485/include/rs485/msg/detail/gripper_status__functions.c
-- Installing: /home/nir/Desktop/rs485/install/rs485/include/rs485/msg/detail/gripper_status__struct.h
-- Installing: /home/nir/Desktop/rs485/install/rs485/include/rs485/msg/rosidl_generator_c__visibility_control.h
-- Installing: /home/nir/Desktop/rs485/install/rs485/share/rs485/environment/library_path.sh
-- Installing: /home/nir/Desktop/rs485/install/rs485/share/rs485/environment/library_path.dsv
-- Installing: /home/nir/Desktop/rs485/install/rs485/lib/librs485__rosidl_generator_c.so
-- Set runtime path of "/home/nir/Desktop/rs485/install/rs485/lib/librs485__rosidl_generator_c.so" to ""
-- Up-to-date: /home/nir/Desktop/rs485/install/rs485/include/rs485
-- Up-to-date: /home/nir/Desktop/rs485/install/rs485/include/rs485/msg
-- Installing: /home/nir/Desktop/rs485/install/rs485/include/rs485/msg/rosidl_typesupport_fastrtps_c__visibility_control.h
-- Up-to-date: /home/nir/Desktop/rs485/install/rs485/include/rs485/msg/detail
-- Installing: /home/nir/Desktop/rs485/install/rs485/include/rs485/msg/detail/gripper_status__rosidl_typesupport_fastrtps_c.h
-- Installing: /home/nir/Desktop/rs485/install/rs485/include/rs485/msg/detail/battery_status__rosidl_typesupport_fastrtps_c.h
-- Installing: /home/nir/Desktop/rs485/install/rs485/lib/librs485__rosidl_typesupport_fastrtps_c.so
-- Set runtime path of "/home/nir/Desktop/rs485/install/rs485/lib/librs485__rosidl_typesupport_fastrtps_c.so" to ""
-- Up-to-date: /home/nir/Desktop/rs485/install/rs485/include/rs485
-- Up-to-date: /home/nir/Desktop/rs485/install/rs485/include/rs485/msg
-- Installing: /home/nir/Desktop/rs485/install/rs485/include/rs485/msg/rosidl_typesupport_fastrtps_cpp__visibility_control.h
-- Up-to-date: /home/nir/Desktop/rs485/install/rs485/include/rs485/msg/detail
-- Installing: /home/nir/Desktop/rs485/install/rs485/include/rs485/msg/detail/battery_status__rosidl_typesupport_fastrtps_cpp.hpp
-- Installing: /home/nir/Desktop/rs485/install/rs485/include/rs485/msg/detail/dds_fastrtps
-- Installing: /home/nir/Desktop/rs485/install/rs485/include/rs485/msg/detail/gripper_status__rosidl_typesupport_fastrtps_cpp.hpp
-- Installing: /home/nir/Desktop/rs485/install/rs485/lib/librs485__rosidl_typesupport_fastrtps_cpp.so
-- Set runtime path of "/home/nir/Desktop/rs485/install/rs485/lib/librs485__rosidl_typesupport_fastrtps_cpp.so" to ""
-- Up-to-date: /home/nir/Desktop/rs485/install/rs485/include/rs485
-- Up-to-date: /home/nir/Desktop/rs485/install/rs485/include/rs485/msg
-- Installing: /home/nir/Desktop/rs485/install/rs485/include/rs485/msg/rosidl_typesupport_introspection_c__visibility_control.h
-- Up-to-date: /home/nir/Desktop/rs485/install/rs485/include/rs485/msg/detail
-- Installing: /home/nir/Desktop/rs485/install/rs485/include/rs485/msg/detail/gripper_status__type_support.c
-- Installing: /home/nir/Desktop/rs485/install/rs485/include/rs485/msg/detail/battery_status__rosidl_typesupport_introspection_c.h
-- Installing: /home/nir/Desktop/rs485/install/rs485/include/rs485/msg/detail/battery_status__type_support.c
-- Installing: /home/nir/Desktop/rs485/install/rs485/include/rs485/msg/detail/gripper_status__rosidl_typesupport_introspection_c.h
-- Installing: /home/nir/Desktop/rs485/install/rs485/lib/librs485__rosidl_typesupport_introspection_c.so
-- Set runtime path of "/home/nir/Desktop/rs485/install/rs485/lib/librs485__rosidl_typesupport_introspection_c.so" to ""
-- Installing: /home/nir/Desktop/rs485/install/rs485/lib/librs485__rosidl_typesupport_c.so
-- Set runtime path of "/home/nir/Desktop/rs485/install/rs485/lib/librs485__rosidl_typesupport_c.so" to ""
-- Up-to-date: /home/nir/Desktop/rs485/install/rs485/include/rs485
-- Up-to-date: /home/nir/Desktop/rs485/install/rs485/include/rs485/msg
-- Installing: /home/nir/Desktop/rs485/install/rs485/include/rs485/msg/gripper_status.hpp
-- Installing: /home/nir/Desktop/rs485/install/rs485/include/rs485/msg/battery_status.hpp
-- Up-to-date: /home/nir/Desktop/rs485/install/rs485/include/rs485/msg/detail
-- Installing: /home/nir/Desktop/rs485/install/rs485/include/rs485/msg/detail/battery_status__struct.hpp
-- Installing: /home/nir/Desktop/rs485/install/rs485/include/rs485/msg/detail/battery_status__builder.hpp
-- Installing: /home/nir/Desktop/rs485/install/rs485/include/rs485/msg/detail/gripper_status__builder.hpp
-- Installing: /home/nir/Desktop/rs485/install/rs485/include/rs485/msg/detail/gripper_status__traits.hpp
-- Installing: /home/nir/Desktop/rs485/install/rs485/include/rs485/msg/detail/battery_status__traits.hpp
-- Installing: /home/nir/Desktop/rs485/install/rs485/include/rs485/msg/detail/gripper_status__struct.hpp
-- Up-to-date: /home/nir/Desktop/rs485/install/rs485/include/rs485
-- Up-to-date: /home/nir/Desktop/rs485/install/rs485/include/rs485/msg
-- Up-to-date: /home/nir/Desktop/rs485/install/rs485/include/rs485/msg/detail
-- Installing: /home/nir/Desktop/rs485/install/rs485/include/rs485/msg/detail/gripper_status__rosidl_typesupport_introspection_cpp.hpp
-- Installing: /home/nir/Desktop/rs485/install/rs485/include/rs485/msg/detail/battery_status__type_support.cpp
-- Installing: /home/nir/Desktop/rs485/install/rs485/include/rs485/msg/detail/gripper_status__type_support.cpp
-- Installing: /home/nir/Desktop/rs485/install/rs485/include/rs485/msg/detail/battery_status__rosidl_typesupport_introspection_cpp.hpp
-- Installing: /home/nir/Desktop/rs485/install/rs485/lib/librs485__rosidl_typesupport_introspection_cpp.so
-- Set runtime path of "/home/nir/Desktop/rs485/install/rs485/lib/librs485__rosidl_typesupport_introspection_cpp.so" to ""
-- Installing: /home/nir/Desktop/rs485/install/rs485/lib/librs485__rosidl_typesupport_cpp.so
-- Set runtime path of "/home/nir/Desktop/rs485/install/rs485/lib/librs485__rosidl_typesupport_cpp.so" to ""
-- Installing: /home/nir/Desktop/rs485/install/rs485/share/rs485/environment/pythonpath.sh
-- Installing: /home/nir/Desktop/rs485/install/rs485/share/rs485/environment/pythonpath.dsv
-- Installing: /home/nir/Desktop/rs485/install/rs485/lib/python3.9/site-packages/rs485/__init__.py
Compiling '/home/nir/Desktop/rs485/install/rs485/lib/python3.9/site-packages/rs485/__init__.py'...
-- Installing: /home/nir/Desktop/rs485/install/rs485/lib/python3.9/site-packages/rs485/msg
-- Installing: /home/nir/Desktop/rs485/install/rs485/lib/python3.9/site-packages/rs485/msg/_battery_status.py
-- Installing: /home/nir/Desktop/rs485/install/rs485/lib/python3.9/site-packages/rs485/msg/_gripper_status_s.c
-- Installing: /home/nir/Desktop/rs485/install/rs485/lib/python3.9/site-packages/rs485/msg/__init__.py
-- Installing: /home/nir/Desktop/rs485/install/rs485/lib/python3.9/site-packages/rs485/msg/_battery_status_s.c
-- Installing: /home/nir/Desktop/rs485/install/rs485/lib/python3.9/site-packages/rs485/msg/_gripper_status.py
-- Installing: /home/nir/Desktop/rs485/install/rs485/lib/python3.9/site-packages/rs485/rs485_s__rosidl_typesupport_fastrtps_c.cpython-39-x86_64-linux-gnu.so
-- Set runtime path of "/home/nir/Desktop/rs485/install/rs485/lib/python3.9/site-packages/rs485/rs485_s__rosidl_typesupport_fastrtps_c.cpython-39-x86_64-linux-gnu.so" to ""
-- Installing: /home/nir/Desktop/rs485/install/rs485/lib/python3.9/site-packages/rs485/rs485_s__rosidl_typesupport_introspection_c.cpython-39-x86_64-linux-gnu.so
-- Set runtime path of "/home/nir/Desktop/rs485/install/rs485/lib/python3.9/site-packages/rs485/rs485_s__rosidl_typesupport_introspection_c.cpython-39-x86_64-linux-gnu.so" to ""
-- Installing: /home/nir/Desktop/rs485/install/rs485/lib/python3.9/site-packages/rs485/rs485_s__rosidl_typesupport_c.cpython-39-x86_64-linux-gnu.so
-- Set runtime path of "/home/nir/Desktop/rs485/install/rs485/lib/python3.9/site-packages/rs485/rs485_s__rosidl_typesupport_c.cpython-39-x86_64-linux-gnu.so" to ""
-- Installing: /home/nir/Desktop/rs485/install/rs485/lib/librs485__python.so
-- Set runtime path of "/home/nir/Desktop/rs485/install/rs485/lib/librs485__python.so" to ""
-- Installing: /home/nir/Desktop/rs485/install/rs485/share/rs485/msg/GripperStatus.idl
-- Installing: /home/nir/Desktop/rs485/install/rs485/share/rs485/msg/BatteryStatus.idl
-- Installing: /home/nir/Desktop/rs485/install/rs485/share/rs485/msg/GripperStatus.msg
-- Installing: /home/nir/Desktop/rs485/install/rs485/share/rs485/msg/BatteryStatus.msg
-- Installing: /home/nir/Desktop/rs485/install/rs485/share/ament_index/resource_index/package_run_dependencies/rs485
-- Installing: /home/nir/Desktop/rs485/install/rs485/share/ament_index/resource_index/parent_prefix_path/rs485
-- Installing: /home/nir/Desktop/rs485/install/rs485/share/rs485/environment/ament_prefix_path.sh
-- Installing: /home/nir/Desktop/rs485/install/rs485/share/rs485/environment/ament_prefix_path.dsv
-- Installing: /home/nir/Desktop/rs485/install/rs485/share/rs485/environment/path.sh
-- Installing: /home/nir/Desktop/rs485/install/rs485/share/rs485/environment/path.dsv
-- Installing: /home/nir/Desktop/rs485/install/rs485/share/rs485/local_setup.bash
-- Installing: /home/nir/Desktop/rs485/install/rs485/share/rs485/local_setup.sh
-- Installing: /home/nir/Desktop/rs485/install/rs485/share/rs485/local_setup.zsh
-- Installing: /home/nir/Desktop/rs485/install/rs485/share/rs485/local_setup.dsv
-- Installing: /home/nir/Desktop/rs485/install/rs485/share/rs485/package.dsv
-- Installing: /home/nir/Desktop/rs485/install/rs485/share/ament_index/resource_index/packages/rs485
-- Installing: /home/nir/Desktop/rs485/install/rs485/share/rs485/cmake/rs485__rosidl_generator_cExport.cmake
-- Installing: /home/nir/Desktop/rs485/install/rs485/share/rs485/cmake/rs485__rosidl_generator_cExport-noconfig.cmake
-- Installing: /home/nir/Desktop/rs485/install/rs485/share/rs485/cmake/rs485__rosidl_typesupport_introspection_cExport.cmake
-- Installing: /home/nir/Desktop/rs485/install/rs485/share/rs485/cmake/rs485__rosidl_typesupport_introspection_cExport-noconfig.cmake
-- Installing: /home/nir/Desktop/rs485/install/rs485/share/rs485/cmake/rs485__rosidl_typesupport_cExport.cmake
-- Installing: /home/nir/Desktop/rs485/install/rs485/share/rs485/cmake/rs485__rosidl_typesupport_cExport-noconfig.cmake
-- Installing: /home/nir/Desktop/rs485/install/rs485/share/rs485/cmake/rs485__rosidl_generator_cppExport.cmake
-- Installing: /home/nir/Desktop/rs485/install/rs485/share/rs485/cmake/rs485__rosidl_typesupport_introspection_cppExport.cmake
-- Installing: /home/nir/Desktop/rs485/install/rs485/share/rs485/cmake/rs485__rosidl_typesupport_introspection_cppExport-noconfig.cmake
-- Installing: /home/nir/Desktop/rs485/install/rs485/share/rs485/cmake/rs485__rosidl_typesupport_cppExport.cmake
-- Installing: /home/nir/Desktop/rs485/install/rs485/share/rs485/cmake/rs485__rosidl_typesupport_cppExport-noconfig.cmake
-- Installing: /home/nir/Desktop/rs485/install/rs485/share/rs485/cmake/rosidl_cmake-extras.cmake
-- Installing: /home/nir/Desktop/rs485/install/rs485/share/rs485/cmake/ament_cmake_export_dependencies-extras.cmake
-- Installing: /home/nir/Desktop/rs485/install/rs485/share/rs485/cmake/ament_cmake_export_libraries-extras.cmake
-- Installing: /home/nir/Desktop/rs485/install/rs485/share/rs485/cmake/ament_cmake_export_targets-extras.cmake
-- Installing: /home/nir/Desktop/rs485/install/rs485/share/rs485/cmake/ament_cmake_export_include_directories-extras.cmake
-- Installing: /home/nir/Desktop/rs485/install/rs485/share/rs485/cmake/rosidl_cmake_export_typesupport_libraries-extras.cmake
-- Installing: /home/nir/Desktop/rs485/install/rs485/share/rs485/cmake/rosidl_cmake_export_typesupport_targets-extras.cmake
-- Installing: /home/nir/Desktop/rs485/install/rs485/share/rs485/cmake/rs485Config.cmake
-- Installing: /home/nir/Desktop/rs485/install/rs485/share/rs485/cmake/rs485Config-version.cmake
-- Installing: /home/nir/Desktop/rs485/install/rs485/share/rs485/package.xml
