[  2%] Built target rs485__cpp
[ 12%] Built target rs485__rosidl_generator_c
[ 43%] Built target rs485__rosidl_typesupport_introspection_cpp
[ 43%] Built target rs485__rosidl_typesupport_c
[ 43%] Built target rs485__rosidl_typesupport_cpp
[ 53%] Built target rs485__rosidl_typesupport_introspection_c
[ 64%] Built target rs485__rosidl_typesupport_fastrtps_cpp
[ 74%] Built target rs485__rosidl_typesupport_fastrtps_c
[ 74%] Built target rs485
[ 76%] Built target rs485__py
[ 84%] Built target rs485__python
[ 89%] Built target rs485__rosidl_typesupport_c__pyext
[ 94%] Built target rs485__rosidl_typesupport_introspection_c__pyext
[100%] Built target rs485__rosidl_typesupport_fastrtps_c__pyext
-- Install configuration: ""
-- Up-to-date: /home/nir/Desktop/rs485/install/rs485/share/ament_index/resource_index/rosidl_interfaces/rs485
-- Up-to-date: /home/nir/Desktop/rs485/install/rs485/include/rs485
-- Up-to-date: /home/nir/Desktop/rs485/install/rs485/include/rs485/msg
-- Up-to-date: /home/nir/Desktop/rs485/install/rs485/include/rs485/msg/gripper_status.h
-- Up-to-date: /home/nir/Desktop/rs485/install/rs485/include/rs485/msg/battery_status.h
-- Up-to-date: /home/nir/Desktop/rs485/install/rs485/include/rs485/msg/detail
-- Up-to-date: /home/nir/Desktop/rs485/install/rs485/include/rs485/msg/detail/gripper_status__functions.h
-- Up-to-date: /home/nir/Desktop/rs485/install/rs485/include/rs485/msg/detail/gripper_status__type_support.h
-- Up-to-date: /home/nir/Desktop/rs485/install/rs485/include/rs485/msg/detail/battery_status__type_support.h
-- Up-to-date: /home/nir/Desktop/rs485/install/rs485/include/rs485/msg/detail/battery_status__functions.h
-- Up-to-date: /home/nir/Desktop/rs485/install/rs485/include/rs485/msg/detail/battery_status__functions.c
-- Up-to-date: /home/nir/Desktop/rs485/install/rs485/include/rs485/msg/detail/battery_status__struct.h
-- Up-to-date: /home/nir/Desktop/rs485/install/rs485/include/rs485/msg/detail/gripper_status__functions.c
-- Up-to-date: /home/nir/Desktop/rs485/install/rs485/include/rs485/msg/detail/gripper_status__struct.h
-- Up-to-date: /home/nir/Desktop/rs485/install/rs485/include/rs485/msg/rosidl_generator_c__visibility_control.h
-- Up-to-date: /home/nir/Desktop/rs485/install/rs485/share/rs485/environment/library_path.sh
-- Up-to-date: /home/nir/Desktop/rs485/install/rs485/share/rs485/environment/library_path.dsv
-- Up-to-date: /home/nir/Desktop/rs485/install/rs485/lib/librs485__rosidl_generator_c.so
-- Up-to-date: /home/nir/Desktop/rs485/install/rs485/include/rs485
-- Up-to-date: /home/nir/Desktop/rs485/install/rs485/include/rs485/msg
-- Up-to-date: /home/nir/Desktop/rs485/install/rs485/include/rs485/msg/rosidl_typesupport_fastrtps_c__visibility_control.h
-- Up-to-date: /home/nir/Desktop/rs485/install/rs485/include/rs485/msg/detail
-- Up-to-date: /home/nir/Desktop/rs485/install/rs485/include/rs485/msg/detail/gripper_status__rosidl_typesupport_fastrtps_c.h
-- Up-to-date: /home/nir/Desktop/rs485/install/rs485/include/rs485/msg/detail/battery_status__rosidl_typesupport_fastrtps_c.h
-- Up-to-date: /home/nir/Desktop/rs485/install/rs485/lib/librs485__rosidl_typesupport_fastrtps_c.so
-- Up-to-date: /home/nir/Desktop/rs485/install/rs485/include/rs485
-- Up-to-date: /home/nir/Desktop/rs485/install/rs485/include/rs485/msg
-- Up-to-date: /home/nir/Desktop/rs485/install/rs485/include/rs485/msg/rosidl_typesupport_fastrtps_cpp__visibility_control.h
-- Up-to-date: /home/nir/Desktop/rs485/install/rs485/include/rs485/msg/detail
-- Up-to-date: /home/nir/Desktop/rs485/install/rs485/include/rs485/msg/detail/battery_status__rosidl_typesupport_fastrtps_cpp.hpp
-- Up-to-date: /home/nir/Desktop/rs485/install/rs485/include/rs485/msg/detail/dds_fastrtps
-- Up-to-date: /home/nir/Desktop/rs485/install/rs485/include/rs485/msg/detail/gripper_status__rosidl_typesupport_fastrtps_cpp.hpp
-- Up-to-date: /home/nir/Desktop/rs485/install/rs485/lib/librs485__rosidl_typesupport_fastrtps_cpp.so
-- Up-to-date: /home/nir/Desktop/rs485/install/rs485/include/rs485
-- Up-to-date: /home/nir/Desktop/rs485/install/rs485/include/rs485/msg
-- Up-to-date: /home/nir/Desktop/rs485/install/rs485/include/rs485/msg/rosidl_typesupport_introspection_c__visibility_control.h
-- Up-to-date: /home/nir/Desktop/rs485/install/rs485/include/rs485/msg/detail
-- Up-to-date: /home/nir/Desktop/rs485/install/rs485/include/rs485/msg/detail/gripper_status__type_support.c
-- Up-to-date: /home/nir/Desktop/rs485/install/rs485/include/rs485/msg/detail/battery_status__rosidl_typesupport_introspection_c.h
-- Up-to-date: /home/nir/Desktop/rs485/install/rs485/include/rs485/msg/detail/battery_status__type_support.c
-- Up-to-date: /home/nir/Desktop/rs485/install/rs485/include/rs485/msg/detail/gripper_status__rosidl_typesupport_introspection_c.h
-- Up-to-date: /home/nir/Desktop/rs485/install/rs485/lib/librs485__rosidl_typesupport_introspection_c.so
-- Up-to-date: /home/nir/Desktop/rs485/install/rs485/lib/librs485__rosidl_typesupport_c.so
-- Up-to-date: /home/nir/Desktop/rs485/install/rs485/include/rs485
-- Up-to-date: /home/nir/Desktop/rs485/install/rs485/include/rs485/msg
-- Up-to-date: /home/nir/Desktop/rs485/install/rs485/include/rs485/msg/gripper_status.hpp
-- Up-to-date: /home/nir/Desktop/rs485/install/rs485/include/rs485/msg/battery_status.hpp
-- Up-to-date: /home/nir/Desktop/rs485/install/rs485/include/rs485/msg/detail
-- Up-to-date: /home/nir/Desktop/rs485/install/rs485/include/rs485/msg/detail/battery_status__struct.hpp
-- Up-to-date: /home/nir/Desktop/rs485/install/rs485/include/rs485/msg/detail/battery_status__builder.hpp
-- Up-to-date: /home/nir/Desktop/rs485/install/rs485/include/rs485/msg/detail/gripper_status__builder.hpp
-- Up-to-date: /home/nir/Desktop/rs485/install/rs485/include/rs485/msg/detail/gripper_status__traits.hpp
-- Up-to-date: /home/nir/Desktop/rs485/install/rs485/include/rs485/msg/detail/battery_status__traits.hpp
-- Up-to-date: /home/nir/Desktop/rs485/install/rs485/include/rs485/msg/detail/gripper_status__struct.hpp
-- Up-to-date: /home/nir/Desktop/rs485/install/rs485/include/rs485
-- Up-to-date: /home/nir/Desktop/rs485/install/rs485/include/rs485/msg
-- Up-to-date: /home/nir/Desktop/rs485/install/rs485/include/rs485/msg/detail
-- Up-to-date: /home/nir/Desktop/rs485/install/rs485/include/rs485/msg/detail/gripper_status__rosidl_typesupport_introspection_cpp.hpp
-- Up-to-date: /home/nir/Desktop/rs485/install/rs485/include/rs485/msg/detail/battery_status__type_support.cpp
-- Up-to-date: /home/nir/Desktop/rs485/install/rs485/include/rs485/msg/detail/gripper_status__type_support.cpp
-- Up-to-date: /home/nir/Desktop/rs485/install/rs485/include/rs485/msg/detail/battery_status__rosidl_typesupport_introspection_cpp.hpp
-- Up-to-date: /home/nir/Desktop/rs485/install/rs485/lib/librs485__rosidl_typesupport_introspection_cpp.so
-- Up-to-date: /home/nir/Desktop/rs485/install/rs485/lib/librs485__rosidl_typesupport_cpp.so
-- Up-to-date: /home/nir/Desktop/rs485/install/rs485/share/rs485/environment/pythonpath.sh
-- Up-to-date: /home/nir/Desktop/rs485/install/rs485/share/rs485/environment/pythonpath.dsv
-- Up-to-date: /home/nir/Desktop/rs485/install/rs485/lib/python3.9/site-packages/rs485/__init__.py
-- Up-to-date: /home/nir/Desktop/rs485/install/rs485/lib/python3.9/site-packages/rs485/msg
-- Up-to-date: /home/nir/Desktop/rs485/install/rs485/lib/python3.9/site-packages/rs485/msg/_battery_status.py
-- Up-to-date: /home/nir/Desktop/rs485/install/rs485/lib/python3.9/site-packages/rs485/msg/_gripper_status_s.c
-- Up-to-date: /home/nir/Desktop/rs485/install/rs485/lib/python3.9/site-packages/rs485/msg/__init__.py
-- Up-to-date: /home/nir/Desktop/rs485/install/rs485/lib/python3.9/site-packages/rs485/msg/_battery_status_s.c
-- Up-to-date: /home/nir/Desktop/rs485/install/rs485/lib/python3.9/site-packages/rs485/msg/_gripper_status.py
-- Up-to-date: /home/nir/Desktop/rs485/install/rs485/lib/python3.9/site-packages/rs485/rs485_s__rosidl_typesupport_fastrtps_c.cpython-39-x86_64-linux-gnu.so
-- Up-to-date: /home/nir/Desktop/rs485/install/rs485/lib/python3.9/site-packages/rs485/rs485_s__rosidl_typesupport_introspection_c.cpython-39-x86_64-linux-gnu.so
-- Up-to-date: /home/nir/Desktop/rs485/install/rs485/lib/python3.9/site-packages/rs485/rs485_s__rosidl_typesupport_c.cpython-39-x86_64-linux-gnu.so
-- Up-to-date: /home/nir/Desktop/rs485/install/rs485/lib/librs485__python.so
-- Up-to-date: /home/nir/Desktop/rs485/install/rs485/share/rs485/msg/GripperStatus.idl
-- Up-to-date: /home/nir/Desktop/rs485/install/rs485/share/rs485/msg/BatteryStatus.idl
-- Up-to-date: /home/nir/Desktop/rs485/install/rs485/share/rs485/msg/GripperStatus.msg
-- Up-to-date: /home/nir/Desktop/rs485/install/rs485/share/rs485/msg/BatteryStatus.msg
-- Up-to-date: /home/nir/Desktop/rs485/install/rs485/share/ament_index/resource_index/package_run_dependencies/rs485
-- Up-to-date: /home/nir/Desktop/rs485/install/rs485/share/ament_index/resource_index/parent_prefix_path/rs485
-- Up-to-date: /home/nir/Desktop/rs485/install/rs485/share/rs485/environment/ament_prefix_path.sh
-- Up-to-date: /home/nir/Desktop/rs485/install/rs485/share/rs485/environment/ament_prefix_path.dsv
-- Up-to-date: /home/nir/Desktop/rs485/install/rs485/share/rs485/environment/path.sh
-- Up-to-date: /home/nir/Desktop/rs485/install/rs485/share/rs485/environment/path.dsv
-- Up-to-date: /home/nir/Desktop/rs485/install/rs485/share/rs485/local_setup.bash
-- Up-to-date: /home/nir/Desktop/rs485/install/rs485/share/rs485/local_setup.sh
-- Up-to-date: /home/nir/Desktop/rs485/install/rs485/share/rs485/local_setup.zsh
-- Up-to-date: /home/nir/Desktop/rs485/install/rs485/share/rs485/local_setup.dsv
-- Installing: /home/nir/Desktop/rs485/install/rs485/share/rs485/package.dsv
-- Up-to-date: /home/nir/Desktop/rs485/install/rs485/share/ament_index/resource_index/packages/rs485
-- Up-to-date: /home/nir/Desktop/rs485/install/rs485/share/rs485/cmake/rs485__rosidl_generator_cExport.cmake
-- Up-to-date: /home/nir/Desktop/rs485/install/rs485/share/rs485/cmake/rs485__rosidl_generator_cExport-noconfig.cmake
-- Up-to-date: /home/nir/Desktop/rs485/install/rs485/share/rs485/cmake/rs485__rosidl_typesupport_introspection_cExport.cmake
-- Up-to-date: /home/nir/Desktop/rs485/install/rs485/share/rs485/cmake/rs485__rosidl_typesupport_introspection_cExport-noconfig.cmake
-- Up-to-date: /home/nir/Desktop/rs485/install/rs485/share/rs485/cmake/rs485__rosidl_typesupport_cExport.cmake
-- Up-to-date: /home/nir/Desktop/rs485/install/rs485/share/rs485/cmake/rs485__rosidl_typesupport_cExport-noconfig.cmake
-- Up-to-date: /home/nir/Desktop/rs485/install/rs485/share/rs485/cmake/rs485__rosidl_generator_cppExport.cmake
-- Up-to-date: /home/nir/Desktop/rs485/install/rs485/share/rs485/cmake/rs485__rosidl_typesupport_introspection_cppExport.cmake
-- Up-to-date: /home/nir/Desktop/rs485/install/rs485/share/rs485/cmake/rs485__rosidl_typesupport_introspection_cppExport-noconfig.cmake
-- Up-to-date: /home/nir/Desktop/rs485/install/rs485/share/rs485/cmake/rs485__rosidl_typesupport_cppExport.cmake
-- Up-to-date: /home/nir/Desktop/rs485/install/rs485/share/rs485/cmake/rs485__rosidl_typesupport_cppExport-noconfig.cmake
-- Up-to-date: /home/nir/Desktop/rs485/install/rs485/share/rs485/cmake/rosidl_cmake-extras.cmake
-- Up-to-date: /home/nir/Desktop/rs485/install/rs485/share/rs485/cmake/ament_cmake_export_dependencies-extras.cmake
-- Up-to-date: /home/nir/Desktop/rs485/install/rs485/share/rs485/cmake/ament_cmake_export_libraries-extras.cmake
-- Up-to-date: /home/nir/Desktop/rs485/install/rs485/share/rs485/cmake/ament_cmake_export_targets-extras.cmake
-- Up-to-date: /home/nir/Desktop/rs485/install/rs485/share/rs485/cmake/ament_cmake_export_include_directories-extras.cmake
-- Up-to-date: /home/nir/Desktop/rs485/install/rs485/share/rs485/cmake/rosidl_cmake_export_typesupport_libraries-extras.cmake
-- Up-to-date: /home/nir/Desktop/rs485/install/rs485/share/rs485/cmake/rosidl_cmake_export_typesupport_targets-extras.cmake
-- Up-to-date: /home/nir/Desktop/rs485/install/rs485/share/rs485/cmake/rs485Config.cmake
-- Up-to-date: /home/nir/Desktop/rs485/install/rs485/share/rs485/cmake/rs485Config-version.cmake
-- Up-to-date: /home/nir/Desktop/rs485/install/rs485/share/rs485/package.xml
