[0.009s] Invoking command in '/home/nir/Desktop/rs485/build/rs485': CMAKE_PREFIX_PATH=/opt/ros/foxy:${CMAKE_PREFIX_PATH} CONDA_PROMPT_MODIFIER=(base) /usr/bin/cmake /home/nir/Desktop/rs485 -DCMAKE_INSTALL_PREFIX=/home/nir/Desktop/rs485/install/rs485
[0.213s] -- The C compiler identification is GNU 9.4.0
[0.252s] -- The CXX compiler identification is GNU 9.4.0
[0.255s] -- Check for working C compiler: /usr/bin/cc
[0.320s] -- Check for working C compiler: /usr/bin/cc -- works
[0.321s] -- Detecting C compiler ABI info
[0.379s] -- Detecting C compiler ABI info - done
[0.386s] -- Detecting C compile features
[0.386s] -- Detecting C compile features - done
[0.388s] -- Check for working CXX compiler: /usr/bin/c++
[0.455s] -- Check for working CXX compiler: /usr/bin/c++ -- works
[0.456s] -- Detecting CXX compiler ABI info
[0.506s] -- Detecting CXX compiler ABI info - done
[0.514s] -- Detecting CXX compile features
[0.514s] -- Detecting CXX compile features - done
[0.515s] -- Found ament_cmake: 0.9.11 (/opt/ros/foxy/share/ament_cmake/cmake)
[0.534s] -- Found PythonInterp: /home/nir/anaconda3/bin/python3 (found suitable version "3.9.13", minimum required is "3") 
[0.534s] -- Using PYTHON_EXECUTABLE: /home/nir/anaconda3/bin/python3
[0.679s] CMake Error at CMakeLists.txt:24 (rosidl_generate_interfaces):
[0.679s]   Unknown CMake command "rosidl_generate_interfaces".
[0.679s] 
[0.679s] 
[0.680s] -- Configuring incomplete, errors occurred!
[0.680s] See also "/home/nir/Desktop/rs485/build/rs485/CMakeFiles/CMakeOutput.log".
[0.682s] Invoked command in '/home/nir/Desktop/rs485/build/rs485' returned '1': CMAKE_PREFIX_PATH=/opt/ros/foxy:${CMAKE_PREFIX_PATH} CONDA_PROMPT_MODIFIER=(base) /usr/bin/cmake /home/nir/Desktop/rs485 -DCMAKE_INSTALL_PREFIX=/home/nir/Desktop/rs485/install/rs485
