[0.192s] DEBUG:colcon:Command line arguments: ['/usr/bin/colcon', 'build', '--packages-select', 'rs485']
[0.192s] DEBUG:colcon:Parsed command line arguments: Namespace(allow_overriding=[], ament_cmake_args=None, base_paths=['.'], build_base='build', catkin_cmake_args=None, catkin_skip_building_tests=False, cmake_args=None, cmake_clean_cache=False, cmake_clean_first=False, cmake_force_configure=False, cmake_target=None, cmake_target_skip_unavailable=False, continue_on_error=False, event_handlers=None, executor='parallel', ignore_user_meta=False, install_base='install', log_base=None, log_level=None, main=<bound method BuildVerb.main of <colcon_core.verb.build.BuildVerb object at 0x7ff0cbf17bb0>>, merge_install=False, metas=['./colcon.meta'], packages_above=None, packages_above_and_dependencies=None, packages_above_depth=None, packages_end=None, packages_ignore=None, packages_ignore_regex=None, packages_select=['rs485'], packages_select_build_failed=False, packages_select_by_dep=None, packages_select_regex=None, packages_select_test_failures=False, packages_skip=None, packages_skip_build_finished=False, packages_skip_by_dep=None, packages_skip_regex=None, packages_skip_test_passed=False, packages_skip_up_to=None, packages_start=None, packages_up_to=None, packages_up_to_regex=None, parallel_workers=20, paths=None, symlink_install=False, test_result_base=None, verb_extension=<colcon_core.verb.build.BuildVerb object at 0x7ff0cbf17bb0>, verb_name='build', verb_parser=<colcon_defaults.argument_parser.defaults.DefaultArgumentsDecorator object at 0x7ff0cbe76160>)
[0.208s] Level 1:colcon.colcon_core.package_discovery:discover_packages(colcon_meta) check parameters
[0.208s] Level 1:colcon.colcon_core.package_discovery:discover_packages(recursive) check parameters
[0.208s] Level 1:colcon.colcon_core.package_discovery:discover_packages(ignore) check parameters
[0.208s] Level 1:colcon.colcon_core.package_discovery:discover_packages(path) check parameters
[0.208s] Level 1:colcon.colcon_core.package_discovery:discover_packages(colcon_meta) discover
[0.208s] Level 1:colcon.colcon_core.package_discovery:discover_packages(recursive) discover
[0.208s] INFO:colcon.colcon_core.package_discovery:Crawling recursively for packages in '/home/nir/Desktop/rs485'
[0.208s] Level 1:colcon.colcon_core.package_identification:_identify(.) by extensions ['ignore', 'ignore_ament_install']
[0.208s] Level 1:colcon.colcon_core.package_identification:_identify(.) by extension 'ignore'
[0.208s] Level 1:colcon.colcon_core.package_identification:_identify(.) by extension 'ignore_ament_install'
[0.208s] Level 1:colcon.colcon_core.package_identification:_identify(.) by extensions ['colcon_pkg']
[0.208s] Level 1:colcon.colcon_core.package_identification:_identify(.) by extension 'colcon_pkg'
[0.208s] Level 1:colcon.colcon_core.package_identification:_identify(.) by extensions ['colcon_meta']
[0.208s] Level 1:colcon.colcon_core.package_identification:_identify(.) by extension 'colcon_meta'
[0.208s] Level 1:colcon.colcon_core.package_identification:_identify(.) by extensions ['ros']
[0.208s] Level 1:colcon.colcon_core.package_identification:_identify(.) by extension 'ros'
[0.222s] DEBUG:colcon.colcon_core.package_identification:Package '.' with type 'ros.ament_cmake' and name 'rs485'
[0.222s] Level 1:colcon.colcon_core.package_discovery:discover_packages(recursive) using defaults
[0.222s] Level 1:colcon.colcon_core.package_discovery:discover_packages(ignore) discover
[0.222s] Level 1:colcon.colcon_core.package_discovery:discover_packages(ignore) using defaults
[0.222s] Level 1:colcon.colcon_core.package_discovery:discover_packages(path) discover
[0.222s] Level 1:colcon.colcon_core.package_discovery:discover_packages(path) using defaults
[0.234s] Level 1:colcon.colcon_core.package_discovery:discover_packages(prefix_path) check parameters
[0.234s] Level 1:colcon.colcon_core.package_discovery:discover_packages(prefix_path) discover
[0.236s] DEBUG:colcon.colcon_installed_package_information.package_discovery:Found 256 installed packages in /opt/ros/foxy
[0.237s] Level 1:colcon.colcon_core.package_discovery:discover_packages(prefix_path) using defaults
[0.274s] Level 5:colcon.colcon_core.verb:set package 'rs485' build argument 'cmake_args' from command line to 'None'
[0.274s] Level 5:colcon.colcon_core.verb:set package 'rs485' build argument 'cmake_target' from command line to 'None'
[0.274s] Level 5:colcon.colcon_core.verb:set package 'rs485' build argument 'cmake_target_skip_unavailable' from command line to 'False'
[0.274s] Level 5:colcon.colcon_core.verb:set package 'rs485' build argument 'cmake_clean_cache' from command line to 'False'
[0.274s] Level 5:colcon.colcon_core.verb:set package 'rs485' build argument 'cmake_clean_first' from command line to 'False'
[0.274s] Level 5:colcon.colcon_core.verb:set package 'rs485' build argument 'cmake_force_configure' from command line to 'False'
[0.274s] Level 5:colcon.colcon_core.verb:set package 'rs485' build argument 'ament_cmake_args' from command line to 'None'
[0.274s] Level 5:colcon.colcon_core.verb:set package 'rs485' build argument 'catkin_cmake_args' from command line to 'None'
[0.274s] Level 5:colcon.colcon_core.verb:set package 'rs485' build argument 'catkin_skip_building_tests' from command line to 'False'
[0.274s] DEBUG:colcon.colcon_core.verb:Building package 'rs485' with the following arguments: {'ament_cmake_args': None, 'build_base': '/home/nir/Desktop/rs485/build/rs485', 'catkin_cmake_args': None, 'catkin_skip_building_tests': False, 'cmake_args': None, 'cmake_clean_cache': False, 'cmake_clean_first': False, 'cmake_force_configure': False, 'cmake_target': None, 'cmake_target_skip_unavailable': False, 'install_base': '/home/nir/Desktop/rs485/install/rs485', 'merge_install': False, 'path': '/home/nir/Desktop/rs485', 'symlink_install': False, 'test_result_base': None}
[0.274s] INFO:colcon.colcon_core.executor:Executing jobs using 'parallel' executor
[0.276s] DEBUG:colcon.colcon_parallel_executor.executor.parallel:run_until_complete
[0.277s] INFO:colcon.colcon_ros.task.ament_cmake.build:Building ROS package in '/home/nir/Desktop/rs485' with build type 'ament_cmake'
[0.277s] INFO:colcon.colcon_cmake.task.cmake.build:Building CMake package in '/home/nir/Desktop/rs485'
[0.279s] INFO:colcon.colcon_core.plugin_system:Skipping extension 'colcon_core.shell.bat': Not used on non-Windows systems
[0.279s] INFO:colcon.colcon_core.shell:Skip shell extension 'powershell' for command environment: Not usable outside of PowerShell
[0.279s] DEBUG:colcon.colcon_core.shell:Skip shell extension 'dsv' for command environment
[0.281s] DEBUG:colcon.colcon_core.shell:Ignoring prefix path '/opt/ros/noetic'
[0.291s] DEBUG:colcon.colcon_core.event_handler.log_command:Invoking command in '/home/nir/Desktop/rs485/build/rs485': CMAKE_PREFIX_PATH=/opt/ros/foxy:${CMAKE_PREFIX_PATH} CONDA_PROMPT_MODIFIER=(base) /usr/bin/cmake --build /home/nir/Desktop/rs485/build/rs485 -- -j20 -l20
[2.823s] DEBUG:colcon.colcon_core.event_handler.log_command:Invoked command in '/home/nir/Desktop/rs485/build/rs485' returned '0': CMAKE_PREFIX_PATH=/opt/ros/foxy:${CMAKE_PREFIX_PATH} CONDA_PROMPT_MODIFIER=(base) /usr/bin/cmake --build /home/nir/Desktop/rs485/build/rs485 -- -j20 -l20
[2.864s] DEBUG:colcon.colcon_core.event_handler.log_command:Invoking command in '/home/nir/Desktop/rs485/build/rs485': CMAKE_PREFIX_PATH=/opt/ros/foxy:${CMAKE_PREFIX_PATH} CONDA_PROMPT_MODIFIER=(base) /usr/bin/cmake --install /home/nir/Desktop/rs485/build/rs485
[2.921s] Level 1:colcon.colcon_core.environment:create_environment_scripts_only(rs485)
[2.922s] DEBUG:colcon.colcon_core.event_handler.log_command:Invoked command in '/home/nir/Desktop/rs485/build/rs485' returned '0': CMAKE_PREFIX_PATH=/opt/ros/foxy:${CMAKE_PREFIX_PATH} CONDA_PROMPT_MODIFIER=(base) /usr/bin/cmake --install /home/nir/Desktop/rs485/build/rs485
[2.925s] Level 1:colcon.colcon_core.environment:checking '/home/nir/Desktop/rs485/install/rs485' for CMake module files
[2.925s] Level 1:colcon.colcon_core.environment:checking '/home/nir/Desktop/rs485/install/rs485' for CMake config files
[2.925s] Level 1:colcon.colcon_core.shell:create_environment_hook('rs485', 'cmake_prefix_path')
[2.926s] INFO:colcon.colcon_core.shell:Creating environment hook '/home/nir/Desktop/rs485/install/rs485/share/rs485/hook/cmake_prefix_path.ps1'
[2.926s] INFO:colcon.colcon_core.shell:Creating environment descriptor '/home/nir/Desktop/rs485/install/rs485/share/rs485/hook/cmake_prefix_path.dsv'
[2.927s] INFO:colcon.colcon_core.shell:Creating environment hook '/home/nir/Desktop/rs485/install/rs485/share/rs485/hook/cmake_prefix_path.sh'
[2.927s] Level 1:colcon.colcon_core.environment:checking '/home/nir/Desktop/rs485/install/rs485/lib'
[2.927s] Level 1:colcon.colcon_core.shell:create_environment_hook('rs485', 'ld_library_path_lib')
[2.928s] INFO:colcon.colcon_core.shell:Creating environment hook '/home/nir/Desktop/rs485/install/rs485/share/rs485/hook/ld_library_path_lib.ps1'
[2.928s] INFO:colcon.colcon_core.shell:Creating environment descriptor '/home/nir/Desktop/rs485/install/rs485/share/rs485/hook/ld_library_path_lib.dsv'
[2.928s] INFO:colcon.colcon_core.shell:Creating environment hook '/home/nir/Desktop/rs485/install/rs485/share/rs485/hook/ld_library_path_lib.sh'
[2.929s] Level 1:colcon.colcon_core.environment:checking '/home/nir/Desktop/rs485/install/rs485/bin'
[2.929s] Level 1:colcon.colcon_core.environment:checking '/home/nir/Desktop/rs485/install/rs485/lib/pkgconfig/rs485.pc'
[2.929s] Level 1:colcon.colcon_core.environment:checking '/home/nir/Desktop/rs485/install/rs485/lib/python3.8/site-packages'
[2.929s] Level 1:colcon.colcon_core.environment:checking '/home/nir/Desktop/rs485/install/rs485/bin'
[2.930s] INFO:colcon.colcon_core.shell:Creating package script '/home/nir/Desktop/rs485/install/rs485/share/rs485/package.ps1'
[2.930s] INFO:colcon.colcon_core.shell:Creating package descriptor '/home/nir/Desktop/rs485/install/rs485/share/rs485/package.dsv'
[2.931s] INFO:colcon.colcon_core.shell:Creating package script '/home/nir/Desktop/rs485/install/rs485/share/rs485/package.sh'
[2.931s] INFO:colcon.colcon_core.shell:Creating package script '/home/nir/Desktop/rs485/install/rs485/share/rs485/package.bash'
[2.931s] INFO:colcon.colcon_core.shell:Creating package script '/home/nir/Desktop/rs485/install/rs485/share/rs485/package.zsh'
[2.932s] Level 1:colcon.colcon_core.environment:create_file_with_runtime_dependencies(/home/nir/Desktop/rs485/install/rs485/share/colcon-core/packages/rs485)
[2.966s] Level 1:colcon.colcon_core.environment:create_environment_scripts_only(rs485)
[2.968s] Level 1:colcon.colcon_core.environment:checking '/home/nir/Desktop/rs485/install/rs485' for CMake module files
[2.968s] Level 1:colcon.colcon_core.environment:checking '/home/nir/Desktop/rs485/install/rs485' for CMake config files
[2.968s] Level 1:colcon.colcon_core.shell:create_environment_hook('rs485', 'cmake_prefix_path')
[2.969s] INFO:colcon.colcon_core.shell:Creating environment hook '/home/nir/Desktop/rs485/install/rs485/share/rs485/hook/cmake_prefix_path.ps1'
[2.969s] INFO:colcon.colcon_core.shell:Creating environment descriptor '/home/nir/Desktop/rs485/install/rs485/share/rs485/hook/cmake_prefix_path.dsv'
[2.969s] INFO:colcon.colcon_core.shell:Creating environment hook '/home/nir/Desktop/rs485/install/rs485/share/rs485/hook/cmake_prefix_path.sh'
[2.970s] Level 1:colcon.colcon_core.environment:checking '/home/nir/Desktop/rs485/install/rs485/lib'
[2.970s] Level 1:colcon.colcon_core.shell:create_environment_hook('rs485', 'ld_library_path_lib')
[2.970s] INFO:colcon.colcon_core.shell:Creating environment hook '/home/nir/Desktop/rs485/install/rs485/share/rs485/hook/ld_library_path_lib.ps1'
[2.971s] INFO:colcon.colcon_core.shell:Creating environment descriptor '/home/nir/Desktop/rs485/install/rs485/share/rs485/hook/ld_library_path_lib.dsv'
[2.971s] INFO:colcon.colcon_core.shell:Creating environment hook '/home/nir/Desktop/rs485/install/rs485/share/rs485/hook/ld_library_path_lib.sh'
[2.971s] Level 1:colcon.colcon_core.environment:checking '/home/nir/Desktop/rs485/install/rs485/bin'
[2.971s] Level 1:colcon.colcon_core.environment:checking '/home/nir/Desktop/rs485/install/rs485/lib/pkgconfig/rs485.pc'
[2.971s] Level 1:colcon.colcon_core.environment:checking '/home/nir/Desktop/rs485/install/rs485/lib/python3.8/site-packages'
[2.971s] Level 1:colcon.colcon_core.environment:checking '/home/nir/Desktop/rs485/install/rs485/bin'
[2.972s] INFO:colcon.colcon_core.shell:Creating package script '/home/nir/Desktop/rs485/install/rs485/share/rs485/package.ps1'
[2.973s] INFO:colcon.colcon_core.shell:Creating package descriptor '/home/nir/Desktop/rs485/install/rs485/share/rs485/package.dsv'
[2.973s] INFO:colcon.colcon_core.shell:Creating package script '/home/nir/Desktop/rs485/install/rs485/share/rs485/package.sh'
[2.973s] INFO:colcon.colcon_core.shell:Creating package script '/home/nir/Desktop/rs485/install/rs485/share/rs485/package.bash'
[2.973s] INFO:colcon.colcon_core.shell:Creating package script '/home/nir/Desktop/rs485/install/rs485/share/rs485/package.zsh'
[2.973s] Level 1:colcon.colcon_core.environment:create_file_with_runtime_dependencies(/home/nir/Desktop/rs485/install/rs485/share/colcon-core/packages/rs485)
[2.974s] DEBUG:colcon.colcon_parallel_executor.executor.parallel:closing loop
[2.974s] DEBUG:colcon.colcon_parallel_executor.executor.parallel:loop closed
[2.974s] DEBUG:colcon.colcon_parallel_executor.executor.parallel:run_until_complete finished with '0'
[2.974s] DEBUG:colcon.colcon_core.event_reactor:joining thread
[2.978s] INFO:colcon.colcon_core.plugin_system:Skipping extension 'colcon_notification.desktop_notification.terminal_notifier': Not used on non-Darwin systems
[2.978s] INFO:colcon.colcon_core.plugin_system:Skipping extension 'colcon_notification.desktop_notification.win32': Not used on non-Windows systems
[2.978s] INFO:colcon.colcon_notification.desktop_notification:Sending desktop notification using 'notify2'
[2.989s] DEBUG:colcon.colcon_core.event_reactor:joined thread
[2.990s] INFO:colcon.colcon_core.shell:Creating prefix script '/home/nir/Desktop/rs485/install/local_setup.ps1'
[2.990s] INFO:colcon.colcon_core.shell:Creating prefix util module '/home/nir/Desktop/rs485/install/_local_setup_util_ps1.py'
[2.991s] INFO:colcon.colcon_core.shell:Creating prefix chain script '/home/nir/Desktop/rs485/install/setup.ps1'
[2.992s] INFO:colcon.colcon_core.shell:Creating prefix script '/home/nir/Desktop/rs485/install/local_setup.sh'
[2.992s] INFO:colcon.colcon_core.shell:Creating prefix util module '/home/nir/Desktop/rs485/install/_local_setup_util_sh.py'
[2.992s] INFO:colcon.colcon_core.shell:Creating prefix chain script '/home/nir/Desktop/rs485/install/setup.sh'
[2.993s] INFO:colcon.colcon_core.shell:Creating prefix script '/home/nir/Desktop/rs485/install/local_setup.bash'
[2.993s] INFO:colcon.colcon_core.shell:Creating prefix chain script '/home/nir/Desktop/rs485/install/setup.bash'
[2.994s] INFO:colcon.colcon_core.shell:Creating prefix script '/home/nir/Desktop/rs485/install/local_setup.zsh'
[2.994s] INFO:colcon.colcon_core.shell:Creating prefix chain script '/home/nir/Desktop/rs485/install/setup.zsh'
