[0.010s] Invoking command in '/home/nir/Desktop/rs485/build/rs485': CMAKE_PREFIX_PATH=/opt/ros/foxy:${CMAKE_PREFIX_PATH} CONDA_PROMPT_MODIFIER=(base) /usr/bin/cmake /home/nir/Desktop/rs485 -DCMAKE_INSTALL_PREFIX=/home/nir/Desktop/rs485/install/rs485
[0.019s] -- Found ament_cmake: 0.9.11 (/opt/ros/foxy/share/ament_cmake/cmake)
[0.036s] -- Found PythonInterp: /home/nir/anaconda3/bin/python3 (found suitable version "3.9.13", minimum required is "3") 
[0.036s] -- Using PYTHON_EXECUTABLE: /home/nir/anaconda3/bin/python3
[0.172s] -- Found rosidl_default_generators: 1.0.1 (/opt/ros/foxy/share/rosidl_default_generators/cmake)
[0.173s] -- Using all available rosidl_typesupport_c: rosidl_typesupport_fastrtps_c;rosidl_typesupport_introspection_c
[0.175s] -- Found rosidl_adapter: 1.3.0 (/opt/ros/foxy/share/rosidl_adapter/cmake)
[0.265s] -- Using all available rosidl_typesupport_cpp: rosidl_typesupport_fastrtps_cpp;rosidl_typesupport_introspection_cpp
[0.304s] -- Found PythonInterp: /home/nir/anaconda3/bin/python3 (found version "3.9.13") 
[0.416s] -- Found ament_cmake_ros: 0.9.2 (/opt/ros/foxy/share/ament_cmake_ros/cmake)
[0.499s] -- Using all available rosidl_typesupport_c: rosidl_typesupport_fastrtps_c;rosidl_typesupport_introspection_c
[0.504s] -- Using all available rosidl_typesupport_cpp: rosidl_typesupport_fastrtps_cpp;rosidl_typesupport_introspection_cpp
[0.523s] -- Found PythonInterp: /home/nir/anaconda3/bin/python3 (found suitable version "3.9.13", minimum required is "3.5") 
[0.531s] -- Found python_cmake_module: 0.8.1 (/opt/ros/foxy/share/python_cmake_module/cmake)
[0.559s] -- Found PythonLibs: /home/nir/anaconda3/lib/libpython3.9.so (found suitable version "3.9.13", minimum required is "3.5") 
[0.559s] -- Using PYTHON_EXECUTABLE: /home/nir/anaconda3/bin/python3
[0.559s] -- Using PYTHON_INCLUDE_DIRS: /home/nir/anaconda3/include/python3.9
[0.559s] -- Using PYTHON_LIBRARIES: /home/nir/anaconda3/lib/libpython3.9.so
[0.576s] -- Found PythonExtra: .so  
[0.883s] -- Using numpy include directory: /home/nir/anaconda3/lib/python3.9/site-packages/numpy/core/include
[0.889s] -- Found ament_lint_auto: 0.9.7 (/opt/ros/foxy/share/ament_lint_auto/cmake)
[0.903s] -- Added test 'copyright' to check source files copyright and LICENSE
[0.907s] -- Added test 'cppcheck' to perform static code analysis on C / C++ code
[0.908s] -- Configured cppcheck include dirs: $<BUILD_INTERFACE:/home/nir/Desktop/rs485/build/rs485/rosidl_generator_c>;/home/nir/Desktop/rs485/build/rs485/rosidl_generator_c;/home/nir/Desktop/rs485/build/rs485/rosidl_generator_cpp;/home/nir/Desktop/rs485/build/rs485/rosidl_typesupport_fastrtps_c;/home/nir/Desktop/rs485/build/rs485/rosidl_typesupport_fastrtps_cpp;$<BUILD_INTERFACE:/home/nir/Desktop/rs485/build/rs485/rosidl_typesupport_introspection_c>;$<BUILD_INTERFACE:/home/nir/Desktop/rs485/build/rs485/rosidl_typesupport_c>;$<BUILD_INTERFACE:/home/nir/Desktop/rs485/build/rs485/rosidl_generator_cpp>;/home/nir/Desktop/rs485/build/rs485/rosidl_generator_py
[0.908s] -- Configured cppcheck exclude dirs and/or files: 
[0.912s] -- Added test 'cpplint' to check C / C++ code against the Google style
[0.912s] -- Configured cpplint exclude dirs and/or files: 
[0.912s] -- Added test 'flake8' to check Python code syntax and style conventions
[0.914s] -- Added test 'lint_cmake' to check CMake code style
[0.914s] -- Added test 'pep257' to check Python code against some of the style conventions in PEP 257
[0.918s] -- Added test 'uncrustify' to check C / C++ code style
[0.918s] -- Configured uncrustify additional arguments: 
[0.919s] -- Added test 'xmllint' to check XML markup files
[0.922s] -- Configuring done
[0.929s] CMake Warning at /opt/ros/foxy/share/rosidl_generator_py/cmake/rosidl_generator_py_generate_interfaces.cmake:235 (add_library):
[0.929s]   Cannot generate a safe runtime search path for target
[0.929s]   rs485__rosidl_typesupport_fastrtps_c__pyext because files in some
[0.929s]   directories may conflict with libraries in implicit directories:
[0.929s] 
[0.929s]     runtime library [libssl.so.1.1] in /usr/lib/x86_64-linux-gnu may be hidden by files in:
[0.929s]       /home/nir/anaconda3/lib
[0.929s]     runtime library [libcrypto.so.1.1] in /usr/lib/x86_64-linux-gnu may be hidden by files in:
[0.929s]       /home/nir/anaconda3/lib
[0.929s] 
[0.929s]   Some of these libraries may not be found correctly.
[0.929s] Call Stack (most recent call first):
[0.929s]   /opt/ros/foxy/share/ament_cmake_core/cmake/core/ament_execute_extensions.cmake:48 (include)
[0.929s]   /opt/ros/foxy/share/rosidl_cmake/cmake/rosidl_generate_interfaces.cmake:286 (ament_execute_extensions)
[0.929s]   CMakeLists.txt:25 (rosidl_generate_interfaces)
[0.929s] 
[0.929s] 
[0.940s] -- Generating done
[0.942s] -- Build files have been written to: /home/nir/Desktop/rs485/build/rs485
[0.948s] Invoked command in '/home/nir/Desktop/rs485/build/rs485' returned '0': CMAKE_PREFIX_PATH=/opt/ros/foxy:${CMAKE_PREFIX_PATH} CONDA_PROMPT_MODIFIER=(base) /usr/bin/cmake /home/nir/Desktop/rs485 -DCMAKE_INSTALL_PREFIX=/home/nir/Desktop/rs485/install/rs485
[0.950s] Invoking command in '/home/nir/Desktop/rs485/build/rs485': CMAKE_PREFIX_PATH=/opt/ros/foxy:${CMAKE_PREFIX_PATH} CONDA_PROMPT_MODIFIER=(base) /usr/bin/cmake --build /home/nir/Desktop/rs485/build/rs485 -- -j20 -l20
[0.975s] [35m[1mScanning dependencies of target rs485__cpp[0m
[0.975s] [  2%] [34m[1mGenerating C code for ROS interfaces[0m
[0.980s] [  5%] [34m[1mGenerating C++ code for ROS interfaces[0m
[1.012s] Traceback (most recent call last):
[1.012s]   File "/opt/ros/foxy/share/rosidl_generator_cpp/cmake/../../../lib/rosidl_generator_cpp/rosidl_generator_cpp", line 8, in <module>
[1.013s]     from rosidl_generator_cpp import generate_cpp
[1.013s]   File "/opt/ros/foxy/lib/python3.8/site-packages/rosidl_generator_cpp/__init__.py", line 17, in <module>
[1.013s]     from rosidl_cmake import generate_files
[1.013s]   File "/opt/ros/foxy/lib/python3.8/site-packages/rosidl_cmake/__init__.py", line 24, in <module>
[1.013s]     from rosidl_parser.parser import parse_idl_file
[1.013s]   File "/opt/ros/foxy/lib/python3.8/site-packages/rosidl_parser/parser.py", line 20, in <module>
[1.013s]     from lark import Lark
[1.013s] ModuleNotFoundError: No module named 'lark'
[1.013s] Traceback (most recent call last):
[1.013s]   File "/opt/ros/foxy/share/rosidl_generator_c/cmake/../../../lib/rosidl_generator_c/rosidl_generator_c", line 8, in <module>
[1.013s]     from rosidl_generator_c import generate_c
[1.013s]   File "/opt/ros/foxy/lib/python3.8/site-packages/rosidl_generator_c/__init__.py", line 15, in <module>
[1.013s]     from rosidl_cmake import convert_camel_case_to_lower_case_underscore
[1.014s]   File "/opt/ros/foxy/lib/python3.8/site-packages/rosidl_cmake/__init__.py", line 24, in <module>
[1.014s]     from rosidl_parser.parser import parse_idl_file
[1.014s]   File "/opt/ros/foxy/lib/python3.8/site-packages/rosidl_parser/parser.py", line 20, in <module>
[1.014s]     from lark import Lark
[1.014s] ModuleNotFoundError: No module named 'lark'
[1.016s] make[2]: *** [CMakeFiles/rs485__cpp.dir/build.make:84: rosidl_generator_cpp/rs485/msg/gripper_status.hpp] Error 1
[1.016s] make[1]: *** [CMakeFiles/Makefile2:526: CMakeFiles/rs485__cpp.dir/all] Error 2
[1.016s] make[1]: *** Waiting for unfinished jobs....
[1.017s] make[2]: *** [CMakeFiles/rs485__rosidl_generator_c.dir/build.make:76: rosidl_generator_c/rs485/msg/gripper_status.h] Error 1
[1.017s] make[1]: *** [CMakeFiles/Makefile2:363: CMakeFiles/rs485__rosidl_generator_c.dir/all] Error 2
[1.017s] make: *** [Makefile:141: all] Error 2
[1.018s] Invoked command in '/home/nir/Desktop/rs485/build/rs485' returned '2': CMAKE_PREFIX_PATH=/opt/ros/foxy:${CMAKE_PREFIX_PATH} CONDA_PROMPT_MODIFIER=(base) /usr/bin/cmake --build /home/nir/Desktop/rs485/build/rs485 -- -j20 -l20
