-- Found ament_cmake: 0.9.11 (/opt/ros/foxy/share/ament_cmake/cmake)
-- Found PythonInterp: /home/nir/anaconda3/bin/python3 (found suitable version "3.9.13", minimum required is "3") 
-- Using PYTHON_EXECUTABLE: /home/nir/anaconda3/bin/python3
-- Found rosidl_default_generators: 1.0.1 (/opt/ros/foxy/share/rosidl_default_generators/cmake)
-- Using all available rosidl_typesupport_c: rosidl_typesupport_fastrtps_c;rosidl_typesupport_introspection_c
-- Found rosidl_adapter: 1.3.0 (/opt/ros/foxy/share/rosidl_adapter/cmake)
-- Using all available rosidl_typesupport_cpp: rosidl_typesupport_fastrtps_cpp;rosidl_typesupport_introspection_cpp
-- Found PythonInterp: /home/nir/anaconda3/bin/python3 (found version "3.9.13") 
-- Found ament_cmake_ros: 0.9.2 (/opt/ros/foxy/share/ament_cmake_ros/cmake)
-- Using all available rosidl_typesupport_c: rosidl_typesupport_fastrtps_c;rosidl_typesupport_introspection_c
-- Using all available rosidl_typesupport_cpp: rosidl_typesupport_fastrtps_cpp;rosidl_typesupport_introspection_cpp
-- Found PythonInterp: /home/nir/anaconda3/bin/python3 (found suitable version "3.9.13", minimum required is "3.5") 
-- Found python_cmake_module: 0.8.1 (/opt/ros/foxy/share/python_cmake_module/cmake)
-- Using PYTHON_EXECUTABLE: /home/nir/anaconda3/bin/python3
-- Using PYTHON_INCLUDE_DIRS: /home/nir/anaconda3/include/python3.9
-- Using PYTHON_LIBRARIES: /home/nir/anaconda3/lib/libpython3.9.so
-- Using numpy include directory: /home/nir/anaconda3/lib/python3.9/site-packages/numpy/core/include
-- Found ament_lint_auto: 0.9.7 (/opt/ros/foxy/share/ament_lint_auto/cmake)
-- Added test 'copyright' to check source files copyright and LICENSE
-- Added test 'cppcheck' to perform static code analysis on C / C++ code
-- Configured cppcheck include dirs: $<BUILD_INTERFACE:/home/nir/Desktop/rs485/build/rs485/rosidl_generator_c>;/home/nir/Desktop/rs485/build/rs485/rosidl_generator_c;/home/nir/Desktop/rs485/build/rs485/rosidl_generator_cpp;/home/nir/Desktop/rs485/build/rs485/rosidl_typesupport_fastrtps_c;/home/nir/Desktop/rs485/build/rs485/rosidl_typesupport_fastrtps_cpp;$<BUILD_INTERFACE:/home/nir/Desktop/rs485/build/rs485/rosidl_typesupport_introspection_c>;$<BUILD_INTERFACE:/home/nir/Desktop/rs485/build/rs485/rosidl_typesupport_c>;$<BUILD_INTERFACE:/home/nir/Desktop/rs485/build/rs485/rosidl_generator_cpp>;/home/nir/Desktop/rs485/build/rs485/rosidl_generator_py
-- Configured cppcheck exclude dirs and/or files: 
-- Added test 'cpplint' to check C / C++ code against the Google style
-- Configured cpplint exclude dirs and/or files: 
-- Added test 'flake8' to check Python code syntax and style conventions
-- Added test 'lint_cmake' to check CMake code style
-- Added test 'pep257' to check Python code against some of the style conventions in PEP 257
-- Added test 'uncrustify' to check C / C++ code style
-- Configured uncrustify additional arguments: 
-- Added test 'xmllint' to check XML markup files
-- Configuring done
-- Generating done
-- Build files have been written to: /home/nir/Desktop/rs485/build/rs485
[  2%] Built target rs485__cpp
[ 12%] Built target rs485__rosidl_generator_c
[ 30%] Built target rs485__rosidl_typesupport_introspection_cpp
[ 33%] Built target rs485__rosidl_typesupport_introspection_c
[ 51%] Built target rs485__rosidl_typesupport_cpp
[ 53%] Built target rs485__rosidl_typesupport_c
[ 64%] Built target rs485__rosidl_typesupport_fastrtps_cpp
[ 74%] Built target rs485__rosidl_typesupport_fastrtps_c
[ 74%] Built target rs485
[ 76%] Built target rs485__py
[ 84%] Built target rs485__python
[ 89%] Built target rs485__rosidl_typesupport_c__pyext
[ 94%] Built target rs485__rosidl_typesupport_introspection_c__pyext
[100%] Built target rs485__rosidl_typesupport_fastrtps_c__pyext
-- Install configuration: ""
-- Up-to-date: /home/nir/Desktop/rs485/install/rs485/share/ament_index/resource_index/rosidl_interfaces/rs485
-- Up-to-date: /home/nir/Desktop/rs485/install/rs485/include/rs485
-- Up-to-date: /home/nir/Desktop/rs485/install/rs485/include/rs485/msg
-- Up-to-date: /home/nir/Desktop/rs485/install/rs485/include/rs485/msg/gripper_status.h
-- Up-to-date: /home/nir/Desktop/rs485/install/rs485/include/rs485/msg/battery_status.h
-- Up-to-date: /home/nir/Desktop/rs485/install/rs485/include/rs485/msg/detail
-- Up-to-date: /home/nir/Desktop/rs485/install/rs485/include/rs485/msg/detail/gripper_status__functions.h
-- Up-to-date: /home/nir/Desktop/rs485/install/rs485/include/rs485/msg/detail/gripper_status__type_support.h
-- Up-to-date: /home/nir/Desktop/rs485/install/rs485/include/rs485/msg/detail/battery_status__type_support.h
-- Up-to-date: /home/nir/Desktop/rs485/install/rs485/include/rs485/msg/detail/battery_status__functions.h
-- Up-to-date: /home/nir/Desktop/rs485/install/rs485/include/rs485/msg/detail/battery_status__functions.c
-- Up-to-date: /home/nir/Desktop/rs485/install/rs485/include/rs485/msg/detail/battery_status__struct.h
-- Up-to-date: /home/nir/Desktop/rs485/install/rs485/include/rs485/msg/detail/gripper_status__functions.c
-- Up-to-date: /home/nir/Desktop/rs485/install/rs485/include/rs485/msg/detail/gripper_status__struct.h
-- Up-to-date: /home/nir/Desktop/rs485/install/rs485/include/rs485/msg/rosidl_generator_c__visibility_control.h
-- Up-to-date: /home/nir/Desktop/rs485/install/rs485/share/rs485/environment/library_path.sh
-- Installing: /home/nir/Desktop/rs485/install/rs485/share/rs485/environment/library_path.dsv
-- Up-to-date: /home/nir/Desktop/rs485/install/rs485/lib/librs485__rosidl_generator_c.so
-- Up-to-date: /home/nir/Desktop/rs485/install/rs485/include/rs485
-- Up-to-date: /home/nir/Desktop/rs485/install/rs485/include/rs485/msg
-- Up-to-date: /home/nir/Desktop/rs485/install/rs485/include/rs485/msg/rosidl_typesupport_fastrtps_c__visibility_control.h
-- Up-to-date: /home/nir/Desktop/rs485/install/rs485/include/rs485/msg/detail
-- Up-to-date: /home/nir/Desktop/rs485/install/rs485/include/rs485/msg/detail/gripper_status__rosidl_typesupport_fastrtps_c.h
-- Up-to-date: /home/nir/Desktop/rs485/install/rs485/include/rs485/msg/detail/battery_status__rosidl_typesupport_fastrtps_c.h
-- Up-to-date: /home/nir/Desktop/rs485/install/rs485/lib/librs485__rosidl_typesupport_fastrtps_c.so
-- Up-to-date: /home/nir/Desktop/rs485/install/rs485/include/rs485
-- Up-to-date: /home/nir/Desktop/rs485/install/rs485/include/rs485/msg
-- Up-to-date: /home/nir/Desktop/rs485/install/rs485/include/rs485/msg/rosidl_typesupport_fastrtps_cpp__visibility_control.h
-- Up-to-date: /home/nir/Desktop/rs485/install/rs485/include/rs485/msg/detail
-- Up-to-date: /home/nir/Desktop/rs485/install/rs485/include/rs485/msg/detail/battery_status__rosidl_typesupport_fastrtps_cpp.hpp
-- Up-to-date: /home/nir/Desktop/rs485/install/rs485/include/rs485/msg/detail/dds_fastrtps
-- Up-to-date: /home/nir/Desktop/rs485/install/rs485/include/rs485/msg/detail/gripper_status__rosidl_typesupport_fastrtps_cpp.hpp
-- Up-to-date: /home/nir/Desktop/rs485/install/rs485/lib/librs485__rosidl_typesupport_fastrtps_cpp.so
-- Up-to-date: /home/nir/Desktop/rs485/install/rs485/include/rs485
-- Up-to-date: /home/nir/Desktop/rs485/install/rs485/include/rs485/msg
-- Up-to-date: /home/nir/Desktop/rs485/install/rs485/include/rs485/msg/rosidl_typesupport_introspection_c__visibility_control.h
-- Up-to-date: /home/nir/Desktop/rs485/install/rs485/include/rs485/msg/detail
-- Up-to-date: /home/nir/Desktop/rs485/install/rs485/include/rs485/msg/detail/gripper_status__type_support.c
-- Up-to-date: /home/nir/Desktop/rs485/install/rs485/include/rs485/msg/detail/battery_status__rosidl_typesupport_introspection_c.h
-- Up-to-date: /home/nir/Desktop/rs485/install/rs485/include/rs485/msg/detail/battery_status__type_support.c
-- Up-to-date: /home/nir/Desktop/rs485/install/rs485/include/rs485/msg/detail/gripper_status__rosidl_typesupport_introspection_c.h
-- Up-to-date: /home/nir/Desktop/rs485/install/rs485/lib/librs485__rosidl_typesupport_introspection_c.so
-- Up-to-date: /home/nir/Desktop/rs485/install/rs485/lib/librs485__rosidl_typesupport_c.so
-- Up-to-date: /home/nir/Desktop/rs485/install/rs485/include/rs485
-- Up-to-date: /home/nir/Desktop/rs485/install/rs485/include/rs485/msg
-- Up-to-date: /home/nir/Desktop/rs485/install/rs485/include/rs485/msg/gripper_status.hpp
-- Up-to-date: /home/nir/Desktop/rs485/install/rs485/include/rs485/msg/battery_status.hpp
-- Up-to-date: /home/nir/Desktop/rs485/install/rs485/include/rs485/msg/detail
-- Up-to-date: /home/nir/Desktop/rs485/install/rs485/include/rs485/msg/detail/battery_status__struct.hpp
-- Up-to-date: /home/nir/Desktop/rs485/install/rs485/include/rs485/msg/detail/battery_status__builder.hpp
-- Up-to-date: /home/nir/Desktop/rs485/install/rs485/include/rs485/msg/detail/gripper_status__builder.hpp
-- Up-to-date: /home/nir/Desktop/rs485/install/rs485/include/rs485/msg/detail/gripper_status__traits.hpp
-- Up-to-date: /home/nir/Desktop/rs485/install/rs485/include/rs485/msg/detail/battery_status__traits.hpp
-- Up-to-date: /home/nir/Desktop/rs485/install/rs485/include/rs485/msg/detail/gripper_status__struct.hpp
-- Up-to-date: /home/nir/Desktop/rs485/install/rs485/include/rs485
-- Up-to-date: /home/nir/Desktop/rs485/install/rs485/include/rs485/msg
-- Up-to-date: /home/nir/Desktop/rs485/install/rs485/include/rs485/msg/detail
-- Up-to-date: /home/nir/Desktop/rs485/install/rs485/include/rs485/msg/detail/gripper_status__rosidl_typesupport_introspection_cpp.hpp
-- Up-to-date: /home/nir/Desktop/rs485/install/rs485/include/rs485/msg/detail/battery_status__type_support.cpp
-- Up-to-date: /home/nir/Desktop/rs485/install/rs485/include/rs485/msg/detail/gripper_status__type_support.cpp
-- Up-to-date: /home/nir/Desktop/rs485/install/rs485/include/rs485/msg/detail/battery_status__rosidl_typesupport_introspection_cpp.hpp
-- Up-to-date: /home/nir/Desktop/rs485/install/rs485/lib/librs485__rosidl_typesupport_introspection_cpp.so
-- Up-to-date: /home/nir/Desktop/rs485/install/rs485/lib/librs485__rosidl_typesupport_cpp.so
-- Up-to-date: /home/nir/Desktop/rs485/install/rs485/share/rs485/environment/pythonpath.sh
-- Installing: /home/nir/Desktop/rs485/install/rs485/share/rs485/environment/pythonpath.dsv
-- Installing: /home/nir/Desktop/rs485/install/rs485/lib/python3.9/site-packages/rs485/__init__.py
Compiling '/home/nir/Desktop/rs485/install/rs485/lib/python3.9/site-packages/rs485/__init__.py'...
-- Up-to-date: /home/nir/Desktop/rs485/install/rs485/lib/python3.9/site-packages/rs485/msg
-- Up-to-date: /home/nir/Desktop/rs485/install/rs485/lib/python3.9/site-packages/rs485/msg/_battery_status.py
-- Up-to-date: /home/nir/Desktop/rs485/install/rs485/lib/python3.9/site-packages/rs485/msg/_gripper_status_s.c
-- Up-to-date: /home/nir/Desktop/rs485/install/rs485/lib/python3.9/site-packages/rs485/msg/__init__.py
-- Up-to-date: /home/nir/Desktop/rs485/install/rs485/lib/python3.9/site-packages/rs485/msg/_battery_status_s.c
-- Up-to-date: /home/nir/Desktop/rs485/install/rs485/lib/python3.9/site-packages/rs485/msg/_gripper_status.py
-- Up-to-date: /home/nir/Desktop/rs485/install/rs485/lib/python3.9/site-packages/rs485/rs485_s__rosidl_typesupport_fastrtps_c.cpython-39-x86_64-linux-gnu.so
-- Up-to-date: /home/nir/Desktop/rs485/install/rs485/lib/python3.9/site-packages/rs485/rs485_s__rosidl_typesupport_introspection_c.cpython-39-x86_64-linux-gnu.so
-- Up-to-date: /home/nir/Desktop/rs485/install/rs485/lib/python3.9/site-packages/rs485/rs485_s__rosidl_typesupport_c.cpython-39-x86_64-linux-gnu.so
-- Up-to-date: /home/nir/Desktop/rs485/install/rs485/lib/librs485__python.so
-- Up-to-date: /home/nir/Desktop/rs485/install/rs485/share/rs485/msg/GripperStatus.idl
-- Up-to-date: /home/nir/Desktop/rs485/install/rs485/share/rs485/msg/BatteryStatus.idl
-- Installing: /home/nir/Desktop/rs485/install/rs485/share/rs485/msg/GripperStatus.msg
-- Up-to-date: /home/nir/Desktop/rs485/install/rs485/share/rs485/msg/BatteryStatus.msg
-- Up-to-date: /home/nir/Desktop/rs485/install/rs485/share/ament_index/resource_index/package_run_dependencies/rs485
-- Installing: /home/nir/Desktop/rs485/install/rs485/share/ament_index/resource_index/parent_prefix_path/rs485
-- Up-to-date: /home/nir/Desktop/rs485/install/rs485/share/rs485/environment/ament_prefix_path.sh
-- Installing: /home/nir/Desktop/rs485/install/rs485/share/rs485/environment/ament_prefix_path.dsv
-- Up-to-date: /home/nir/Desktop/rs485/install/rs485/share/rs485/environment/path.sh
-- Installing: /home/nir/Desktop/rs485/install/rs485/share/rs485/environment/path.dsv
-- Up-to-date: /home/nir/Desktop/rs485/install/rs485/share/rs485/local_setup.bash
-- Up-to-date: /home/nir/Desktop/rs485/install/rs485/share/rs485/local_setup.sh
-- Up-to-date: /home/nir/Desktop/rs485/install/rs485/share/rs485/local_setup.zsh
-- Installing: /home/nir/Desktop/rs485/install/rs485/share/rs485/local_setup.dsv
-- Installing: /home/nir/Desktop/rs485/install/rs485/share/rs485/package.dsv
-- Up-to-date: /home/nir/Desktop/rs485/install/rs485/share/ament_index/resource_index/packages/rs485
-- Up-to-date: /home/nir/Desktop/rs485/install/rs485/share/rs485/cmake/rs485__rosidl_generator_cExport.cmake
-- Installing: /home/nir/Desktop/rs485/install/rs485/share/rs485/cmake/rs485__rosidl_generator_cExport-noconfig.cmake
-- Up-to-date: /home/nir/Desktop/rs485/install/rs485/share/rs485/cmake/rs485__rosidl_typesupport_introspection_cExport.cmake
-- Installing: /home/nir/Desktop/rs485/install/rs485/share/rs485/cmake/rs485__rosidl_typesupport_introspection_cExport-noconfig.cmake
-- Up-to-date: /home/nir/Desktop/rs485/install/rs485/share/rs485/cmake/rs485__rosidl_typesupport_cExport.cmake
-- Installing: /home/nir/Desktop/rs485/install/rs485/share/rs485/cmake/rs485__rosidl_typesupport_cExport-noconfig.cmake
-- Up-to-date: /home/nir/Desktop/rs485/install/rs485/share/rs485/cmake/rs485__rosidl_generator_cppExport.cmake
-- Up-to-date: /home/nir/Desktop/rs485/install/rs485/share/rs485/cmake/rs485__rosidl_typesupport_introspection_cppExport.cmake
-- Installing: /home/nir/Desktop/rs485/install/rs485/share/rs485/cmake/rs485__rosidl_typesupport_introspection_cppExport-noconfig.cmake
-- Up-to-date: /home/nir/Desktop/rs485/install/rs485/share/rs485/cmake/rs485__rosidl_typesupport_cppExport.cmake
-- Installing: /home/nir/Desktop/rs485/install/rs485/share/rs485/cmake/rs485__rosidl_typesupport_cppExport-noconfig.cmake
-- Up-to-date: /home/nir/Desktop/rs485/install/rs485/share/rs485/cmake/rosidl_cmake-extras.cmake
-- Up-to-date: /home/nir/Desktop/rs485/install/rs485/share/rs485/cmake/ament_cmake_export_dependencies-extras.cmake
-- Up-to-date: /home/nir/Desktop/rs485/install/rs485/share/rs485/cmake/ament_cmake_export_libraries-extras.cmake
-- Up-to-date: /home/nir/Desktop/rs485/install/rs485/share/rs485/cmake/ament_cmake_export_targets-extras.cmake
-- Up-to-date: /home/nir/Desktop/rs485/install/rs485/share/rs485/cmake/ament_cmake_export_include_directories-extras.cmake
-- Up-to-date: /home/nir/Desktop/rs485/install/rs485/share/rs485/cmake/rosidl_cmake_export_typesupport_libraries-extras.cmake
-- Up-to-date: /home/nir/Desktop/rs485/install/rs485/share/rs485/cmake/rosidl_cmake_export_typesupport_targets-extras.cmake
-- Up-to-date: /home/nir/Desktop/rs485/install/rs485/share/rs485/cmake/rs485Config.cmake
-- Up-to-date: /home/nir/Desktop/rs485/install/rs485/share/rs485/cmake/rs485Config-version.cmake
-- Up-to-date: /home/nir/Desktop/rs485/install/rs485/share/rs485/package.xml
