[0.013s] Invoking command in '/home/nir/Desktop/rs485/build/rs485': CMAKE_PREFIX_PATH=/home/nir/Desktop/rs485/install/rs485:/opt/ros/foxy:/opt/ros/noetic CONDA_PROMPT_MODIFIER=(base) /usr/bin/cmake --build /home/nir/Desktop/rs485/build/rs485 -- -j20 -l20
[0.033s] -- Found ament_cmake: 0.9.11 (/opt/ros/foxy/share/ament_cmake/cmake)
[0.052s] -- Found PythonInterp: /home/nir/anaconda3/bin/python3 (found suitable version "3.9.13", minimum required is "3") 
[0.052s] -- Using PYTHON_EXECUTABLE: /home/nir/anaconda3/bin/python3
[0.203s] -- Found rosidl_default_generators: 1.0.1 (/opt/ros/foxy/share/rosidl_default_generators/cmake)
[0.205s] -- Using all available rosidl_typesupport_c: rosidl_typesupport_fastrtps_c;rosidl_typesupport_introspection_c
[0.207s] -- Found rosidl_adapter: 1.3.0 (/opt/ros/foxy/share/rosidl_adapter/cmake)
[0.315s] -- Using all available rosidl_typesupport_cpp: rosidl_typesupport_fastrtps_cpp;rosidl_typesupport_introspection_cpp
[0.347s] -- Found PythonInterp: /home/nir/anaconda3/bin/python3 (found version "3.9.13") 
[0.448s] -- Found ament_cmake_ros: 0.9.2 (/opt/ros/foxy/share/ament_cmake_ros/cmake)
[0.513s] -- Using all available rosidl_typesupport_c: rosidl_typesupport_fastrtps_c;rosidl_typesupport_introspection_c
[0.517s] -- Using all available rosidl_typesupport_cpp: rosidl_typesupport_fastrtps_cpp;rosidl_typesupport_introspection_cpp
[0.538s] -- Found PythonInterp: /home/nir/anaconda3/bin/python3 (found suitable version "3.9.13", minimum required is "3.5") 
[0.539s] -- Found python_cmake_module: 0.8.1 (/opt/ros/foxy/share/python_cmake_module/cmake)
[0.557s] -- Using PYTHON_EXECUTABLE: /home/nir/anaconda3/bin/python3
[0.557s] -- Using PYTHON_INCLUDE_DIRS: /home/nir/anaconda3/include/python3.9
[0.558s] -- Using PYTHON_LIBRARIES: /home/nir/anaconda3/lib/libpython3.9.so
[0.638s] -- Using numpy include directory: /home/nir/anaconda3/lib/python3.9/site-packages/numpy/core/include
[0.644s] -- Found ament_lint_auto: 0.9.7 (/opt/ros/foxy/share/ament_lint_auto/cmake)
[0.656s] -- Added test 'copyright' to check source files copyright and LICENSE
[0.673s] -- Added test 'cppcheck' to perform static code analysis on C / C++ code
[0.674s] -- Configured cppcheck include dirs: $<BUILD_INTERFACE:/home/nir/Desktop/rs485/build/rs485/rosidl_generator_c>;/home/nir/Desktop/rs485/build/rs485/rosidl_generator_c;/home/nir/Desktop/rs485/build/rs485/rosidl_generator_cpp;/home/nir/Desktop/rs485/build/rs485/rosidl_typesupport_fastrtps_c;/home/nir/Desktop/rs485/build/rs485/rosidl_typesupport_fastrtps_cpp;$<BUILD_INTERFACE:/home/nir/Desktop/rs485/build/rs485/rosidl_typesupport_introspection_c>;$<BUILD_INTERFACE:/home/nir/Desktop/rs485/build/rs485/rosidl_typesupport_c>;$<BUILD_INTERFACE:/home/nir/Desktop/rs485/build/rs485/rosidl_generator_cpp>;/home/nir/Desktop/rs485/build/rs485/rosidl_generator_py
[0.674s] -- Configured cppcheck exclude dirs and/or files: 
[0.685s] -- Added test 'cpplint' to check C / C++ code against the Google style
[0.685s] -- Configured cpplint exclude dirs and/or files: 
[0.687s] -- Added test 'flake8' to check Python code syntax and style conventions
[0.690s] -- Added test 'lint_cmake' to check CMake code style
[0.691s] -- Added test 'pep257' to check Python code against some of the style conventions in PEP 257
[0.703s] -- Added test 'uncrustify' to check C / C++ code style
[0.703s] -- Configured uncrustify additional arguments: 
[0.704s] -- Added test 'xmllint' to check XML markup files
[0.706s] -- Configuring done
[0.719s] CMake Warning at /opt/ros/foxy/share/rosidl_generator_py/cmake/rosidl_generator_py_generate_interfaces.cmake:235 (add_library):
[0.719s]   Cannot generate a safe runtime search path for target
[0.720s]   rs485__rosidl_typesupport_fastrtps_c__pyext because files in some
[0.720s]   directories may conflict with libraries in implicit directories:
[0.720s] 
[0.720s]     runtime library [libssl.so.1.1] in /usr/lib/x86_64-linux-gnu may be hidden by files in:
[0.720s]       /home/nir/anaconda3/lib
[0.720s]     runtime library [libcrypto.so.1.1] in /usr/lib/x86_64-linux-gnu may be hidden by files in:
[0.720s]       /home/nir/anaconda3/lib
[0.720s] 
[0.720s]   Some of these libraries may not be found correctly.
[0.720s] Call Stack (most recent call first):
[0.720s]   /opt/ros/foxy/share/ament_cmake_core/cmake/core/ament_execute_extensions.cmake:48 (include)
[0.720s]   /opt/ros/foxy/share/rosidl_cmake/cmake/rosidl_generate_interfaces.cmake:286 (ament_execute_extensions)
[0.720s]   CMakeLists.txt:25 (rosidl_generate_interfaces)
[0.720s] 
[0.721s] 
[0.731s] -- Generating done
[0.732s] -- Build files have been written to: /home/nir/Desktop/rs485/build/rs485
[0.755s] [  2%] Built target rs485__cpp
[0.755s] [ 12%] Built target rs485__rosidl_generator_c
[0.768s] [ 30%] Built target rs485__rosidl_typesupport_introspection_cpp
[0.768s] [ 33%] Built target rs485__rosidl_typesupport_introspection_c
[0.768s] [ 51%] Built target rs485__rosidl_typesupport_cpp
[0.768s] [ 53%] Built target rs485__rosidl_typesupport_c
[0.770s] [ 64%] Built target rs485__rosidl_typesupport_fastrtps_cpp
[0.785s] [ 74%] Built target rs485__rosidl_typesupport_fastrtps_c
[0.797s] [ 74%] Built target rs485
[0.809s] [ 76%] Built target rs485__py
[0.824s] [ 84%] Built target rs485__python
[0.837s] [ 89%] Built target rs485__rosidl_typesupport_c__pyext
[0.838s] [ 94%] Built target rs485__rosidl_typesupport_introspection_c__pyext
[0.840s] [100%] Built target rs485__rosidl_typesupport_fastrtps_c__pyext
[0.847s] Invoked command in '/home/nir/Desktop/rs485/build/rs485' returned '0': CMAKE_PREFIX_PATH=/home/nir/Desktop/rs485/install/rs485:/opt/ros/foxy:/opt/ros/noetic CONDA_PROMPT_MODIFIER=(base) /usr/bin/cmake --build /home/nir/Desktop/rs485/build/rs485 -- -j20 -l20
[0.893s] Invoking command in '/home/nir/Desktop/rs485/build/rs485': CMAKE_PREFIX_PATH=/home/nir/Desktop/rs485/install/rs485:/opt/ros/foxy:/opt/ros/noetic CONDA_PROMPT_MODIFIER=(base) /usr/bin/cmake --install /home/nir/Desktop/rs485/build/rs485
[0.897s] -- Install configuration: ""
[0.898s] -- Up-to-date: /home/nir/Desktop/rs485/install/rs485/share/ament_index/resource_index/rosidl_interfaces/rs485
[0.898s] -- Up-to-date: /home/nir/Desktop/rs485/install/rs485/include/rs485
[0.898s] -- Up-to-date: /home/nir/Desktop/rs485/install/rs485/include/rs485/msg
[0.898s] -- Up-to-date: /home/nir/Desktop/rs485/install/rs485/include/rs485/msg/gripper_status.h
[0.898s] -- Up-to-date: /home/nir/Desktop/rs485/install/rs485/include/rs485/msg/battery_status.h
[0.898s] -- Up-to-date: /home/nir/Desktop/rs485/install/rs485/include/rs485/msg/detail
[0.898s] -- Up-to-date: /home/nir/Desktop/rs485/install/rs485/include/rs485/msg/detail/gripper_status__functions.h
[0.899s] -- Up-to-date: /home/nir/Desktop/rs485/install/rs485/include/rs485/msg/detail/gripper_status__type_support.h
[0.899s] -- Up-to-date: /home/nir/Desktop/rs485/install/rs485/include/rs485/msg/detail/battery_status__type_support.h
[0.899s] -- Up-to-date: /home/nir/Desktop/rs485/install/rs485/include/rs485/msg/detail/battery_status__functions.h
[0.899s] -- Up-to-date: /home/nir/Desktop/rs485/install/rs485/include/rs485/msg/detail/battery_status__functions.c
[0.899s] -- Up-to-date: /home/nir/Desktop/rs485/install/rs485/include/rs485/msg/detail/battery_status__struct.h
[0.899s] -- Up-to-date: /home/nir/Desktop/rs485/install/rs485/include/rs485/msg/detail/gripper_status__functions.c
[0.899s] -- Up-to-date: /home/nir/Desktop/rs485/install/rs485/include/rs485/msg/detail/gripper_status__struct.h
[0.899s] -- Up-to-date: /home/nir/Desktop/rs485/install/rs485/include/rs485/msg/rosidl_generator_c__visibility_control.h
[0.899s] -- Up-to-date: /home/nir/Desktop/rs485/install/rs485/share/rs485/environment/library_path.sh
[0.900s] -- Installing: /home/nir/Desktop/rs485/install/rs485/share/rs485/environment/library_path.dsv
[0.900s] -- Up-to-date: /home/nir/Desktop/rs485/install/rs485/lib/librs485__rosidl_generator_c.so
[0.900s] -- Up-to-date: /home/nir/Desktop/rs485/install/rs485/include/rs485
[0.900s] -- Up-to-date: /home/nir/Desktop/rs485/install/rs485/include/rs485/msg
[0.900s] -- Up-to-date: /home/nir/Desktop/rs485/install/rs485/include/rs485/msg/rosidl_typesupport_fastrtps_c__visibility_control.h
[0.900s] -- Up-to-date: /home/nir/Desktop/rs485/install/rs485/include/rs485/msg/detail
[0.900s] -- Up-to-date: /home/nir/Desktop/rs485/install/rs485/include/rs485/msg/detail/gripper_status__rosidl_typesupport_fastrtps_c.h
[0.900s] -- Up-to-date: /home/nir/Desktop/rs485/install/rs485/include/rs485/msg/detail/battery_status__rosidl_typesupport_fastrtps_c.h
[0.900s] -- Up-to-date: /home/nir/Desktop/rs485/install/rs485/lib/librs485__rosidl_typesupport_fastrtps_c.so
[0.900s] -- Up-to-date: /home/nir/Desktop/rs485/install/rs485/include/rs485
[0.900s] -- Up-to-date: /home/nir/Desktop/rs485/install/rs485/include/rs485/msg
[0.900s] -- Up-to-date: /home/nir/Desktop/rs485/install/rs485/include/rs485/msg/rosidl_typesupport_fastrtps_cpp__visibility_control.h
[0.900s] -- Up-to-date: /home/nir/Desktop/rs485/install/rs485/include/rs485/msg/detail
[0.900s] -- Up-to-date: /home/nir/Desktop/rs485/install/rs485/include/rs485/msg/detail/battery_status__rosidl_typesupport_fastrtps_cpp.hpp
[0.900s] -- Up-to-date: /home/nir/Desktop/rs485/install/rs485/include/rs485/msg/detail/dds_fastrtps
[0.900s] -- Up-to-date: /home/nir/Desktop/rs485/install/rs485/include/rs485/msg/detail/gripper_status__rosidl_typesupport_fastrtps_cpp.hpp
[0.901s] -- Up-to-date: /home/nir/Desktop/rs485/install/rs485/lib/librs485__rosidl_typesupport_fastrtps_cpp.so
[0.901s] -- Up-to-date: /home/nir/Desktop/rs485/install/rs485/include/rs485
[0.901s] -- Up-to-date: /home/nir/Desktop/rs485/install/rs485/include/rs485/msg
[0.901s] -- Up-to-date: /home/nir/Desktop/rs485/install/rs485/include/rs485/msg/rosidl_typesupport_introspection_c__visibility_control.h
[0.901s] -- Up-to-date: /home/nir/Desktop/rs485/install/rs485/include/rs485/msg/detail
[0.901s] -- Up-to-date: /home/nir/Desktop/rs485/install/rs485/include/rs485/msg/detail/gripper_status__type_support.c
[0.901s] -- Up-to-date: /home/nir/Desktop/rs485/install/rs485/include/rs485/msg/detail/battery_status__rosidl_typesupport_introspection_c.h
[0.901s] -- Up-to-date: /home/nir/Desktop/rs485/install/rs485/include/rs485/msg/detail/battery_status__type_support.c
[0.901s] -- Up-to-date: /home/nir/Desktop/rs485/install/rs485/include/rs485/msg/detail/gripper_status__rosidl_typesupport_introspection_c.h
[0.901s] -- Up-to-date: /home/nir/Desktop/rs485/install/rs485/lib/librs485__rosidl_typesupport_introspection_c.so
[0.901s] -- Up-to-date: /home/nir/Desktop/rs485/install/rs485/lib/librs485__rosidl_typesupport_c.so
[0.901s] -- Up-to-date: /home/nir/Desktop/rs485/install/rs485/include/rs485
[0.901s] -- Up-to-date: /home/nir/Desktop/rs485/install/rs485/include/rs485/msg
[0.901s] -- Up-to-date: /home/nir/Desktop/rs485/install/rs485/include/rs485/msg/gripper_status.hpp
[0.901s] -- Up-to-date: /home/nir/Desktop/rs485/install/rs485/include/rs485/msg/battery_status.hpp
[0.901s] -- Up-to-date: /home/nir/Desktop/rs485/install/rs485/include/rs485/msg/detail
[0.901s] -- Up-to-date: /home/nir/Desktop/rs485/install/rs485/include/rs485/msg/detail/battery_status__struct.hpp
[0.901s] -- Up-to-date: /home/nir/Desktop/rs485/install/rs485/include/rs485/msg/detail/battery_status__builder.hpp
[0.901s] -- Up-to-date: /home/nir/Desktop/rs485/install/rs485/include/rs485/msg/detail/gripper_status__builder.hpp
[0.901s] -- Up-to-date: /home/nir/Desktop/rs485/install/rs485/include/rs485/msg/detail/gripper_status__traits.hpp
[0.901s] -- Up-to-date: /home/nir/Desktop/rs485/install/rs485/include/rs485/msg/detail/battery_status__traits.hpp
[0.901s] -- Up-to-date: /home/nir/Desktop/rs485/install/rs485/include/rs485/msg/detail/gripper_status__struct.hpp
[0.901s] -- Up-to-date: /home/nir/Desktop/rs485/install/rs485/include/rs485
[0.901s] -- Up-to-date: /home/nir/Desktop/rs485/install/rs485/include/rs485/msg
[0.901s] -- Up-to-date: /home/nir/Desktop/rs485/install/rs485/include/rs485/msg/detail
[0.901s] -- Up-to-date: /home/nir/Desktop/rs485/install/rs485/include/rs485/msg/detail/gripper_status__rosidl_typesupport_introspection_cpp.hpp
[0.901s] -- Up-to-date: /home/nir/Desktop/rs485/install/rs485/include/rs485/msg/detail/battery_status__type_support.cpp
[0.902s] -- Up-to-date: /home/nir/Desktop/rs485/install/rs485/include/rs485/msg/detail/gripper_status__type_support.cpp
[0.902s] -- Up-to-date: /home/nir/Desktop/rs485/install/rs485/include/rs485/msg/detail/battery_status__rosidl_typesupport_introspection_cpp.hpp
[0.902s] -- Up-to-date: /home/nir/Desktop/rs485/install/rs485/lib/librs485__rosidl_typesupport_introspection_cpp.so
[0.902s] -- Up-to-date: /home/nir/Desktop/rs485/install/rs485/lib/librs485__rosidl_typesupport_cpp.so
[0.902s] -- Up-to-date: /home/nir/Desktop/rs485/install/rs485/share/rs485/environment/pythonpath.sh
[0.902s] -- Installing: /home/nir/Desktop/rs485/install/rs485/share/rs485/environment/pythonpath.dsv
[0.902s] -- Installing: /home/nir/Desktop/rs485/install/rs485/lib/python3.9/site-packages/rs485/__init__.py
[0.925s] Compiling '/home/nir/Desktop/rs485/install/rs485/lib/python3.9/site-packages/rs485/__init__.py'...
[0.927s] -- Up-to-date: /home/nir/Desktop/rs485/install/rs485/lib/python3.9/site-packages/rs485/msg
[0.927s] -- Up-to-date: /home/nir/Desktop/rs485/install/rs485/lib/python3.9/site-packages/rs485/msg/_battery_status.py
[0.927s] -- Up-to-date: /home/nir/Desktop/rs485/install/rs485/lib/python3.9/site-packages/rs485/msg/_gripper_status_s.c
[0.927s] -- Up-to-date: /home/nir/Desktop/rs485/install/rs485/lib/python3.9/site-packages/rs485/msg/__init__.py
[0.927s] -- Up-to-date: /home/nir/Desktop/rs485/install/rs485/lib/python3.9/site-packages/rs485/msg/_battery_status_s.c
[0.927s] -- Up-to-date: /home/nir/Desktop/rs485/install/rs485/lib/python3.9/site-packages/rs485/msg/_gripper_status.py
[0.927s] -- Up-to-date: /home/nir/Desktop/rs485/install/rs485/lib/python3.9/site-packages/rs485/rs485_s__rosidl_typesupport_fastrtps_c.cpython-39-x86_64-linux-gnu.so
[0.928s] -- Up-to-date: /home/nir/Desktop/rs485/install/rs485/lib/python3.9/site-packages/rs485/rs485_s__rosidl_typesupport_introspection_c.cpython-39-x86_64-linux-gnu.so
[0.928s] -- Up-to-date: /home/nir/Desktop/rs485/install/rs485/lib/python3.9/site-packages/rs485/rs485_s__rosidl_typesupport_c.cpython-39-x86_64-linux-gnu.so
[0.928s] -- Up-to-date: /home/nir/Desktop/rs485/install/rs485/lib/librs485__python.so
[0.928s] -- Up-to-date: /home/nir/Desktop/rs485/install/rs485/share/rs485/msg/GripperStatus.idl
[0.928s] -- Up-to-date: /home/nir/Desktop/rs485/install/rs485/share/rs485/msg/BatteryStatus.idl
[0.929s] -- Installing: /home/nir/Desktop/rs485/install/rs485/share/rs485/msg/GripperStatus.msg
[0.929s] -- Up-to-date: /home/nir/Desktop/rs485/install/rs485/share/rs485/msg/BatteryStatus.msg
[0.929s] -- Up-to-date: /home/nir/Desktop/rs485/install/rs485/share/ament_index/resource_index/package_run_dependencies/rs485
[0.929s] -- Installing: /home/nir/Desktop/rs485/install/rs485/share/ament_index/resource_index/parent_prefix_path/rs485
[0.929s] -- Up-to-date: /home/nir/Desktop/rs485/install/rs485/share/rs485/environment/ament_prefix_path.sh
[0.929s] -- Installing: /home/nir/Desktop/rs485/install/rs485/share/rs485/environment/ament_prefix_path.dsv
[0.929s] -- Up-to-date: /home/nir/Desktop/rs485/install/rs485/share/rs485/environment/path.sh
[0.929s] -- Installing: /home/nir/Desktop/rs485/install/rs485/share/rs485/environment/path.dsv
[0.929s] -- Up-to-date: /home/nir/Desktop/rs485/install/rs485/share/rs485/local_setup.bash
[0.929s] -- Up-to-date: /home/nir/Desktop/rs485/install/rs485/share/rs485/local_setup.sh
[0.929s] -- Up-to-date: /home/nir/Desktop/rs485/install/rs485/share/rs485/local_setup.zsh
[0.929s] -- Installing: /home/nir/Desktop/rs485/install/rs485/share/rs485/local_setup.dsv
[0.929s] -- Installing: /home/nir/Desktop/rs485/install/rs485/share/rs485/package.dsv
[0.929s] -- Up-to-date: /home/nir/Desktop/rs485/install/rs485/share/ament_index/resource_index/packages/rs485
[0.929s] -- Up-to-date: /home/nir/Desktop/rs485/install/rs485/share/rs485/cmake/rs485__rosidl_generator_cExport.cmake
[0.929s] -- Installing: /home/nir/Desktop/rs485/install/rs485/share/rs485/cmake/rs485__rosidl_generator_cExport-noconfig.cmake
[0.929s] -- Up-to-date: /home/nir/Desktop/rs485/install/rs485/share/rs485/cmake/rs485__rosidl_typesupport_introspection_cExport.cmake
[0.929s] -- Installing: /home/nir/Desktop/rs485/install/rs485/share/rs485/cmake/rs485__rosidl_typesupport_introspection_cExport-noconfig.cmake
[0.930s] -- Up-to-date: /home/nir/Desktop/rs485/install/rs485/share/rs485/cmake/rs485__rosidl_typesupport_cExport.cmake
[0.930s] -- Installing: /home/nir/Desktop/rs485/install/rs485/share/rs485/cmake/rs485__rosidl_typesupport_cExport-noconfig.cmake
[0.930s] -- Up-to-date: /home/nir/Desktop/rs485/install/rs485/share/rs485/cmake/rs485__rosidl_generator_cppExport.cmake
[0.930s] -- Up-to-date: /home/nir/Desktop/rs485/install/rs485/share/rs485/cmake/rs485__rosidl_typesupport_introspection_cppExport.cmake
[0.930s] -- Installing: /home/nir/Desktop/rs485/install/rs485/share/rs485/cmake/rs485__rosidl_typesupport_introspection_cppExport-noconfig.cmake
[0.930s] -- Up-to-date: /home/nir/Desktop/rs485/install/rs485/share/rs485/cmake/rs485__rosidl_typesupport_cppExport.cmake
[0.930s] -- Installing: /home/nir/Desktop/rs485/install/rs485/share/rs485/cmake/rs485__rosidl_typesupport_cppExport-noconfig.cmake
[0.930s] -- Up-to-date: /home/nir/Desktop/rs485/install/rs485/share/rs485/cmake/rosidl_cmake-extras.cmake
[0.930s] -- Up-to-date: /home/nir/Desktop/rs485/install/rs485/share/rs485/cmake/ament_cmake_export_dependencies-extras.cmake
[0.930s] -- Up-to-date: /home/nir/Desktop/rs485/install/rs485/share/rs485/cmake/ament_cmake_export_libraries-extras.cmake
[0.930s] -- Up-to-date: /home/nir/Desktop/rs485/install/rs485/share/rs485/cmake/ament_cmake_export_targets-extras.cmake
[0.930s] -- Up-to-date: /home/nir/Desktop/rs485/install/rs485/share/rs485/cmake/ament_cmake_export_include_directories-extras.cmake
[0.930s] -- Up-to-date: /home/nir/Desktop/rs485/install/rs485/share/rs485/cmake/rosidl_cmake_export_typesupport_libraries-extras.cmake
[0.930s] -- Up-to-date: /home/nir/Desktop/rs485/install/rs485/share/rs485/cmake/rosidl_cmake_export_typesupport_targets-extras.cmake
[0.930s] -- Up-to-date: /home/nir/Desktop/rs485/install/rs485/share/rs485/cmake/rs485Config.cmake
[0.930s] -- Up-to-date: /home/nir/Desktop/rs485/install/rs485/share/rs485/cmake/rs485Config-version.cmake
[0.930s] -- Up-to-date: /home/nir/Desktop/rs485/install/rs485/share/rs485/package.xml
[0.933s] Invoked command in '/home/nir/Desktop/rs485/build/rs485' returned '0': CMAKE_PREFIX_PATH=/home/nir/Desktop/rs485/install/rs485:/opt/ros/foxy:/opt/ros/noetic CONDA_PROMPT_MODIFIER=(base) /usr/bin/cmake --install /home/nir/Desktop/rs485/build/rs485
