[  2%] [34m[1mGenerating C code for ROS interfaces[0m
[  5%] [34m[1mGenerating C++ code for ROS interfaces[0m
[  5%] Built target rs485__cpp
[35m[1mScanning dependencies of target rs485__rosidl_generator_c[0m
[  7%] [34m[1mGenerating C++ type support dispatch for ROS interfaces[0m
[ 10%] [34m[1mGenerating C++ type support for eProsima Fast-RTPS[0m
[ 12%] [34m[1mGenerating C++ introspection for ROS interfaces[0m
[ 15%] [32mBuilding C object CMakeFiles/rs485__rosidl_generator_c.dir/rosidl_generator_c/rs485/msg/detail/battery_status__functions.c.o[0m
[ 17%] [32mBuilding C object CMakeFiles/rs485__rosidl_generator_c.dir/rosidl_generator_c/rs485/msg/detail/gripper_status__functions.c.o[0m
In file included from [01m[K/home/nir/Desktop/rs485/build/rs485/rosidl_generator_c/rs485/msg/detail/gripper_status__functions.h:19[m[K,
                 from [01m[K/home/nir/Desktop/rs485/build/rs485/rosidl_generator_c/rs485/msg/detail/gripper_status__functions.c:4[m[K:
[01m[K/home/nir/Desktop/rs485/build/rs485/rosidl_generator_c/rs485/msg/detail/gripper_status__struct.h:22:10:[m[K [01;31m[Kfatal error: [m[Krs485/msg/detail/float32__struct.h: No such file or directory
   22 | #include [01;31m[K"rs485/msg/detail/float32__struct.h"[m[K
      |          [01;31m[K^~~~~~~~~~~~~~~~~~~~~~~~~~~~~~~~~~~~[m[K
compilation terminated.
make[2]: *** [CMakeFiles/rs485__rosidl_generator_c.dir/build.make:108: CMakeFiles/rs485__rosidl_generator_c.dir/rosidl_generator_c/rs485/msg/detail/gripper_status__functions.c.o] Error 1
make[2]: *** Waiting for unfinished jobs....
make[1]: *** [CMakeFiles/Makefile2:364: CMakeFiles/rs485__rosidl_generator_c.dir/all] Error 2
make[1]: *** Waiting for unfinished jobs....
[35m[1mScanning dependencies of target rs485__rosidl_typesupport_cpp[0m
[35m[1mScanning dependencies of target rs485__rosidl_typesupport_introspection_cpp[0m
[ 20%] [32mBuilding CXX object CMakeFiles/rs485__rosidl_typesupport_cpp.dir/rosidl_typesupport_cpp/rs485/msg/gripper_status__type_support.cpp.o[0m
[ 23%] [32mBuilding CXX object CMakeFiles/rs485__rosidl_typesupport_cpp.dir/rosidl_typesupport_cpp/rs485/msg/battery_status__type_support.cpp.o[0m
[ 25%] [32mBuilding CXX object CMakeFiles/rs485__rosidl_typesupport_introspection_cpp.dir/rosidl_typesupport_introspection_cpp/rs485/msg/detail/battery_status__type_support.cpp.o[0m
[ 28%] [32mBuilding CXX object CMakeFiles/rs485__rosidl_typesupport_introspection_cpp.dir/rosidl_typesupport_introspection_cpp/rs485/msg/detail/gripper_status__type_support.cpp.o[0m
[35m[1mScanning dependencies of target rs485__rosidl_typesupport_fastrtps_cpp[0m
[ 30%] [32mBuilding CXX object CMakeFiles/rs485__rosidl_typesupport_fastrtps_cpp.dir/rosidl_typesupport_fastrtps_cpp/rs485/msg/detail/dds_fastrtps/gripper_status__type_support.cpp.o[0m
[ 33%] [32mBuilding CXX object CMakeFiles/rs485__rosidl_typesupport_fastrtps_cpp.dir/rosidl_typesupport_fastrtps_cpp/rs485/msg/detail/dds_fastrtps/battery_status__type_support.cpp.o[0m
In file included from [01m[K/home/nir/Desktop/rs485/build/rs485/rosidl_typesupport_cpp/rs485/msg/gripper_status__type_support.cpp:7[m[K:
[01m[K/home/nir/Desktop/rs485/build/rs485/rosidl_generator_cpp/rs485/msg/detail/gripper_status__struct.hpp:19:10:[m[K [01;31m[Kfatal error: [m[Krs485/msg/detail/float32__struct.hpp: No such file or directory
   19 | #include [01;31m[K"rs485/msg/detail/float32__struct.hpp"[m[K
      |          [01;31m[K^~~~~~~~~~~~~~~~~~~~~~~~~~~~~~~~~~~~~~[m[K
compilation terminated.
make[2]: *** [CMakeFiles/rs485__rosidl_typesupport_cpp.dir/build.make:77: CMakeFiles/rs485__rosidl_typesupport_cpp.dir/rosidl_typesupport_cpp/rs485/msg/gripper_status__type_support.cpp.o] Error 1
make[2]: *** Waiting for unfinished jobs....
In file included from [01m[K/home/nir/Desktop/rs485/build/rs485/rosidl_typesupport_introspection_cpp/rs485/msg/detail/gripper_status__type_support.cpp:12[m[K:
[01m[K/home/nir/Desktop/rs485/build/rs485/rosidl_generator_cpp/rs485/msg/detail/gripper_status__struct.hpp:19:10:[m[K [01;31m[Kfatal error: [m[Krs485/msg/detail/float32__struct.hpp: No such file or directory
   19 | #include [01;31m[K"rs485/msg/detail/float32__struct.hpp"[m[K
      |          [01;31m[K^~~~~~~~~~~~~~~~~~~~~~~~~~~~~~~~~~~~~~[m[K
compilation terminated.
make[2]: *** [CMakeFiles/rs485__rosidl_typesupport_introspection_cpp.dir/build.make:85: CMakeFiles/rs485__rosidl_typesupport_introspection_cpp.dir/rosidl_typesupport_introspection_cpp/rs485/msg/detail/gripper_status__type_support.cpp.o] Error 1
make[2]: *** Waiting for unfinished jobs....
In file included from [01m[K/home/nir/Desktop/rs485/build/rs485/rosidl_typesupport_fastrtps_cpp/rs485/msg/detail/gripper_status__rosidl_typesupport_fastrtps_cpp.hpp:11[m[K,
                 from [01m[K/home/nir/Desktop/rs485/build/rs485/rosidl_typesupport_fastrtps_cpp/rs485/msg/detail/dds_fastrtps/gripper_status__type_support.cpp:4[m[K:
[01m[K/home/nir/Desktop/rs485/build/rs485/rosidl_generator_cpp/rs485/msg/detail/gripper_status__struct.hpp:19:10:[m[K [01;31m[Kfatal error: [m[Krs485/msg/detail/float32__struct.hpp: No such file or directory
   19 | #include [01;31m[K"rs485/msg/detail/float32__struct.hpp"[m[K
      |          [01;31m[K^~~~~~~~~~~~~~~~~~~~~~~~~~~~~~~~~~~~~~[m[K
compilation terminated.
make[2]: *** [CMakeFiles/rs485__rosidl_typesupport_fastrtps_cpp.dir/build.make:85: CMakeFiles/rs485__rosidl_typesupport_fastrtps_cpp.dir/rosidl_typesupport_fastrtps_cpp/rs485/msg/detail/dds_fastrtps/gripper_status__type_support.cpp.o] Error 1
make[2]: *** Waiting for unfinished jobs....
make[1]: *** [CMakeFiles/Makefile2:472: CMakeFiles/rs485__rosidl_typesupport_cpp.dir/all] Error 2
make[1]: *** [CMakeFiles/Makefile2:391: CMakeFiles/rs485__rosidl_typesupport_introspection_cpp.dir/all] Error 2
make[1]: *** [CMakeFiles/Makefile2:418: CMakeFiles/rs485__rosidl_typesupport_fastrtps_cpp.dir/all] Error 2
make: *** [Makefile:141: all] Error 2
