[0.015s] Invoking command in '/home/nir/Desktop/rs485/build/rs485': CMAKE_PREFIX_PATH=/opt/ros/foxy:${CMAKE_PREFIX_PATH} CONDA_PROMPT_MODIFIER=(base) /usr/bin/cmake --build /home/nir/Desktop/rs485/build/rs485 -- -j20 -l20
[0.041s] [  2%] [34m[1mGenerating C code for ROS interfaces[0m
[0.047s] [  5%] [34m[1mGenerating C++ code for ROS interfaces[0m
[0.250s] [  5%] Built target rs485__cpp
[0.250s] [35m[1mScanning dependencies of target rs485__rosidl_generator_c[0m
[0.255s] [  7%] [34m[1mGenerating C++ type support dispatch for ROS interfaces[0m
[0.255s] [ 10%] [34m[1mGenerating C++ type support for eProsima Fast-RTPS[0m
[0.255s] [ 12%] [34m[1mGenerating C++ introspection for ROS interfaces[0m
[0.258s] [ 15%] [32mBuilding C object CMakeFiles/rs485__rosidl_generator_c.dir/rosidl_generator_c/rs485/msg/detail/battery_status__functions.c.o[0m
[0.258s] [ 17%] [32mBuilding C object CMakeFiles/rs485__rosidl_generator_c.dir/rosidl_generator_c/rs485/msg/detail/gripper_status__functions.c.o[0m
[0.272s] In file included from [01m[K/home/nir/Desktop/rs485/build/rs485/rosidl_generator_c/rs485/msg/detail/gripper_status__functions.h:19[m[K,
[0.272s]                  from [01m[K/home/nir/Desktop/rs485/build/rs485/rosidl_generator_c/rs485/msg/detail/gripper_status__functions.c:4[m[K:
[0.272s] [01m[K/home/nir/Desktop/rs485/build/rs485/rosidl_generator_c/rs485/msg/detail/gripper_status__struct.h:22:10:[m[K [01;31m[Kfatal error: [m[Krs485/msg/detail/float32__struct.h: No such file or directory
[0.272s]    22 | #include [01;31m[K"rs485/msg/detail/float32__struct.h"[m[K
[0.272s]       |          [01;31m[K^~~~~~~~~~~~~~~~~~~~~~~~~~~~~~~~~~~~[m[K
[0.272s] compilation terminated.
[0.273s] make[2]: *** [CMakeFiles/rs485__rosidl_generator_c.dir/build.make:108: CMakeFiles/rs485__rosidl_generator_c.dir/rosidl_generator_c/rs485/msg/detail/gripper_status__functions.c.o] Error 1
[0.273s] make[2]: *** Waiting for unfinished jobs....
[0.292s] make[1]: *** [CMakeFiles/Makefile2:364: CMakeFiles/rs485__rosidl_generator_c.dir/all] Error 2
[0.292s] make[1]: *** Waiting for unfinished jobs....
[0.422s] [35m[1mScanning dependencies of target rs485__rosidl_typesupport_cpp[0m
[0.423s] [35m[1mScanning dependencies of target rs485__rosidl_typesupport_introspection_cpp[0m
[0.429s] [ 20%] [32mBuilding CXX object CMakeFiles/rs485__rosidl_typesupport_cpp.dir/rosidl_typesupport_cpp/rs485/msg/gripper_status__type_support.cpp.o[0m
[0.429s] [ 23%] [32mBuilding CXX object CMakeFiles/rs485__rosidl_typesupport_cpp.dir/rosidl_typesupport_cpp/rs485/msg/battery_status__type_support.cpp.o[0m
[0.430s] [ 25%] [32mBuilding CXX object CMakeFiles/rs485__rosidl_typesupport_introspection_cpp.dir/rosidl_typesupport_introspection_cpp/rs485/msg/detail/battery_status__type_support.cpp.o[0m
[0.431s] [ 28%] [32mBuilding CXX object CMakeFiles/rs485__rosidl_typesupport_introspection_cpp.dir/rosidl_typesupport_introspection_cpp/rs485/msg/detail/gripper_status__type_support.cpp.o[0m
[0.434s] [35m[1mScanning dependencies of target rs485__rosidl_typesupport_fastrtps_cpp[0m
[0.443s] [ 30%] [32mBuilding CXX object CMakeFiles/rs485__rosidl_typesupport_fastrtps_cpp.dir/rosidl_typesupport_fastrtps_cpp/rs485/msg/detail/dds_fastrtps/gripper_status__type_support.cpp.o[0m
[0.443s] [ 33%] [32mBuilding CXX object CMakeFiles/rs485__rosidl_typesupport_fastrtps_cpp.dir/rosidl_typesupport_fastrtps_cpp/rs485/msg/detail/dds_fastrtps/battery_status__type_support.cpp.o[0m
[0.461s] In file included from [01m[K/home/nir/Desktop/rs485/build/rs485/rosidl_typesupport_cpp/rs485/msg/gripper_status__type_support.cpp:7[m[K:
[0.461s] [01m[K/home/nir/Desktop/rs485/build/rs485/rosidl_generator_cpp/rs485/msg/detail/gripper_status__struct.hpp:19:10:[m[K [01;31m[Kfatal error: [m[Krs485/msg/detail/float32__struct.hpp: No such file or directory
[0.461s]    19 | #include [01;31m[K"rs485/msg/detail/float32__struct.hpp"[m[K
[0.461s]       |          [01;31m[K^~~~~~~~~~~~~~~~~~~~~~~~~~~~~~~~~~~~~~[m[K
[0.461s] compilation terminated.
[0.462s] make[2]: *** [CMakeFiles/rs485__rosidl_typesupport_cpp.dir/build.make:77: CMakeFiles/rs485__rosidl_typesupport_cpp.dir/rosidl_typesupport_cpp/rs485/msg/gripper_status__type_support.cpp.o] Error 1
[0.462s] make[2]: *** Waiting for unfinished jobs....
[0.465s] In file included from [01m[K/home/nir/Desktop/rs485/build/rs485/rosidl_typesupport_introspection_cpp/rs485/msg/detail/gripper_status__type_support.cpp:12[m[K:
[0.465s] [01m[K/home/nir/Desktop/rs485/build/rs485/rosidl_generator_cpp/rs485/msg/detail/gripper_status__struct.hpp:19:10:[m[K [01;31m[Kfatal error: [m[Krs485/msg/detail/float32__struct.hpp: No such file or directory
[0.465s]    19 | #include [01;31m[K"rs485/msg/detail/float32__struct.hpp"[m[K
[0.465s]       |          [01;31m[K^~~~~~~~~~~~~~~~~~~~~~~~~~~~~~~~~~~~~~[m[K
[0.465s] compilation terminated.
[0.466s] make[2]: *** [CMakeFiles/rs485__rosidl_typesupport_introspection_cpp.dir/build.make:85: CMakeFiles/rs485__rosidl_typesupport_introspection_cpp.dir/rosidl_typesupport_introspection_cpp/rs485/msg/detail/gripper_status__type_support.cpp.o] Error 1
[0.466s] make[2]: *** Waiting for unfinished jobs....
[0.469s] In file included from [01m[K/home/nir/Desktop/rs485/build/rs485/rosidl_typesupport_fastrtps_cpp/rs485/msg/detail/gripper_status__rosidl_typesupport_fastrtps_cpp.hpp:11[m[K,
[0.469s]                  from [01m[K/home/nir/Desktop/rs485/build/rs485/rosidl_typesupport_fastrtps_cpp/rs485/msg/detail/dds_fastrtps/gripper_status__type_support.cpp:4[m[K:
[0.469s] [01m[K/home/nir/Desktop/rs485/build/rs485/rosidl_generator_cpp/rs485/msg/detail/gripper_status__struct.hpp:19:10:[m[K [01;31m[Kfatal error: [m[Krs485/msg/detail/float32__struct.hpp: No such file or directory
[0.469s]    19 | #include [01;31m[K"rs485/msg/detail/float32__struct.hpp"[m[K
[0.469s]       |          [01;31m[K^~~~~~~~~~~~~~~~~~~~~~~~~~~~~~~~~~~~~~[m[K
[0.470s] compilation terminated.
[0.470s] make[2]: *** [CMakeFiles/rs485__rosidl_typesupport_fastrtps_cpp.dir/build.make:85: CMakeFiles/rs485__rosidl_typesupport_fastrtps_cpp.dir/rosidl_typesupport_fastrtps_cpp/rs485/msg/detail/dds_fastrtps/gripper_status__type_support.cpp.o] Error 1
[0.470s] make[2]: *** Waiting for unfinished jobs....
[0.585s] make[1]: *** [CMakeFiles/Makefile2:472: CMakeFiles/rs485__rosidl_typesupport_cpp.dir/all] Error 2
[0.585s] make[1]: *** [CMakeFiles/Makefile2:391: CMakeFiles/rs485__rosidl_typesupport_introspection_cpp.dir/all] Error 2
[0.666s] make[1]: *** [CMakeFiles/Makefile2:418: CMakeFiles/rs485__rosidl_typesupport_fastrtps_cpp.dir/all] Error 2
[0.667s] make: *** [Makefile:141: all] Error 2
[0.669s] Invoked command in '/home/nir/Desktop/rs485/build/rs485' returned '2': CMAKE_PREFIX_PATH=/opt/ros/foxy:${CMAKE_PREFIX_PATH} CONDA_PROMPT_MODIFIER=(base) /usr/bin/cmake --build /home/nir/Desktop/rs485/build/rs485 -- -j20 -l20
